                      :-) GROMACS - gmx mdrun, 2020.4 (-:

                            GROMACS is written by:
     Emile Apol      Rossen Apostolov      Paul Bauer     Herman J.C. Berendsen
    Par Bjelkmar      Christian Blau   Viacheslav Bolnykh     Kevin Boyd    
 Aldert van Buuren   Rudi van Drunen     Anton Feenstra       Alan Gray     
  Gerrit Groenhof     Anca Hamuraru    Vincent Hindriksen  M. Eric Irrgang  
  Aleksei Iupinov   Christoph Junghans     Joe Jordan     Dimitrios Karkoulis
    Peter Kasson        Jiri Kraus      Carsten Kutzner      Per Larsson    
  Justin A. Lemkul    Viveca Lindahl    Magnus Lundborg     Erik Marklund   
    Pascal Merz     Pieter Meulenhoff    Teemu Murtola       Szilard Pall   
    Sander Pronk      Roland Schulz      Michael Shirts    Alexey Shvetsov  
   Alfons Sijbers     Peter Tieleman      Jon Vincent      Teemu Virolainen 
 Christian Wennberg    Maarten Wolf      Artem Zhmurov   
                           and the project leaders:
        Mark Abraham, Berk Hess, Erik Lindahl, and David van der Spoel

Copyright (c) 1991-2000, University of Groningen, The Netherlands.
Copyright (c) 2001-2019, The GROMACS development team at
Uppsala University, Stockholm University and
the Royal Institute of Technology, Sweden.
check out http://www.gromacs.org for more information.

GROMACS is free software; you can redistribute it and/or modify it
under the terms of the GNU Lesser General Public License
as published by the Free Software Foundation; either version 2.1
of the License, or (at your option) any later version.

GROMACS:      gmx mdrun, version 2020.4
Executable:   /share/apps/gromacs/2020.4/openmpi/intel/bin/gmx_mpi
Data prefix:  /share/apps/gromacs/2020.4/openmpi/intel
Working dir:  /scratch/work/courses/CHEM-GA-2671-2022fa/ch3859/comp-lab-class/Week3/Data
Process ID:   1651485
Command line:
  gmx_mpi mdrun -deffnm md_0_1

GROMACS version:    2020.4
Verified release checksum is 79c2857291b034542c26e90512b92fd4b184a1c9d6fa59c55f2e24ccf14e7281
Precision:          single
Memory model:       64 bit
MPI library:        MPI
OpenMP support:     disabled
GPU support:        disabled
SIMD instructions:  AVX_512
FFT library:        Intel MKL
RDTSCP usage:       enabled
TNG support:        enabled
Hwloc support:      disabled
Tracing support:    disabled
C compiler:         /share/apps/openmpi/4.0.5/intel/bin/mpicc Intel 19.1.2.20200623
C compiler flags:   -xCORE-AVX512 -qopt-zmm-usage=high -mkl=sequential -wd3180 -std=gnu99 -ip -funroll-all-loops -alias-const -ansi-alias -no-prec-div -fimf-domain-exclusion=14 -qoverride-limits -O3 -DNDEBUG
C++ compiler:       /share/apps/openmpi/4.0.5/intel/bin/mpicxx Intel 19.1.2.20200623
C++ compiler flags: -xCORE-AVX512 -qopt-zmm-usage=high -mkl=sequential -wd3180 -ip -funroll-all-loops -alias-const -ansi-alias -no-prec-div -fimf-domain-exclusion=14 -qoverride-limits -O3 -DNDEBUG


Running on 1 node with total 48 cores, 48 logical cores
Hardware detected on host cs134.hpc.nyu.edu (the node of MPI rank 0):
  CPU info:
    Vendor: Intel
    Brand:  Intel(R) Xeon(R) Platinum 8268 CPU @ 2.90GHz
    Family: 6   Model: 85   Stepping: 7
    Features: aes apic avx avx2 avx512f avx512cd avx512bw avx512vl clfsh cmov cx8 cx16 f16c fma htt intel lahf mmx msr nonstop_tsc pcid pclmuldq pdcm pdpe1gb popcnt pse rdrnd rdtscp sse2 sse3 sse4.1 sse4.2 ssse3 tdt x2apic
    Number of AVX-512 FMA units: 2
  Hardware topology: Basic
    Sockets, cores, and logical processors:
      Socket  0: [   0] [   1] [   2] [   3] [   4] [   5] [   6] [   7] [   8] [   9] [  10] [  11] [  12] [  13] [  14] [  15] [  16] [  17] [  18] [  19] [  20] [  21] [  22] [  23]
      Socket  1: [  24] [  25] [  26] [  27] [  28] [  29] [  30] [  31] [  32] [  33] [  34] [  35] [  36] [  37] [  38] [  39] [  40] [  41] [  42] [  43] [  44] [  45] [  46] [  47]


++++ PLEASE READ AND CITE THE FOLLOWING REFERENCE ++++
M. J. Abraham, T. Murtola, R. Schulz, S. Páll, J. C. Smith, B. Hess, E.
Lindahl
GROMACS: High performance molecular simulations through multi-level
parallelism from laptops to supercomputers
SoftwareX 1 (2015) pp. 19-25
-------- -------- --- Thank You --- -------- --------


++++ PLEASE READ AND CITE THE FOLLOWING REFERENCE ++++
S. Páll, M. J. Abraham, C. Kutzner, B. Hess, E. Lindahl
Tackling Exascale Software Challenges in Molecular Dynamics Simulations with
GROMACS
In S. Markidis & E. Laure (Eds.), Solving Software Challenges for Exascale 8759 (2015) pp. 3-27
-------- -------- --- Thank You --- -------- --------


++++ PLEASE READ AND CITE THE FOLLOWING REFERENCE ++++
S. Pronk, S. Páll, R. Schulz, P. Larsson, P. Bjelkmar, R. Apostolov, M. R.
Shirts, J. C. Smith, P. M. Kasson, D. van der Spoel, B. Hess, and E. Lindahl
GROMACS 4.5: a high-throughput and highly parallel open source molecular
simulation toolkit
Bioinformatics 29 (2013) pp. 845-54
-------- -------- --- Thank You --- -------- --------


++++ PLEASE READ AND CITE THE FOLLOWING REFERENCE ++++
B. Hess and C. Kutzner and D. van der Spoel and E. Lindahl
GROMACS 4: Algorithms for highly efficient, load-balanced, and scalable
molecular simulation
J. Chem. Theory Comput. 4 (2008) pp. 435-447
-------- -------- --- Thank You --- -------- --------


++++ PLEASE READ AND CITE THE FOLLOWING REFERENCE ++++
D. van der Spoel, E. Lindahl, B. Hess, G. Groenhof, A. E. Mark and H. J. C.
Berendsen
GROMACS: Fast, Flexible and Free
J. Comp. Chem. 26 (2005) pp. 1701-1719
-------- -------- --- Thank You --- -------- --------


++++ PLEASE READ AND CITE THE FOLLOWING REFERENCE ++++
E. Lindahl and B. Hess and D. van der Spoel
GROMACS 3.0: A package for molecular simulation and trajectory analysis
J. Mol. Mod. 7 (2001) pp. 306-317
-------- -------- --- Thank You --- -------- --------


++++ PLEASE READ AND CITE THE FOLLOWING REFERENCE ++++
H. J. C. Berendsen, D. van der Spoel and R. van Drunen
GROMACS: A message-passing parallel molecular dynamics implementation
Comp. Phys. Comm. 91 (1995) pp. 43-56
-------- -------- --- Thank You --- -------- --------


++++ PLEASE CITE THE DOI FOR THIS VERSION OF GROMACS ++++
https://doi.org/10.5281/zenodo.4054979
-------- -------- --- Thank You --- -------- --------

Input Parameters:
   integrator                     = md
   tinit                          = 0
   dt                             = 0.002
   nsteps                         = 500000
   init-step                      = 0
   simulation-part                = 1
   comm-mode                      = Linear
   nstcomm                        = 100
   bd-fric                        = 0
   ld-seed                        = 2029134821
   emtol                          = 10
   emstep                         = 0.01
   niter                          = 20
   fcstep                         = 0
   nstcgsteep                     = 1000
   nbfgscorr                      = 10
   rtpi                           = 0.05
   nstxout                        = 0
   nstvout                        = 0
   nstfout                        = 0
   nstlog                         = 5000
   nstcalcenergy                  = 100
   nstenergy                      = 5000
   nstxout-compressed             = 5000
   compressed-x-precision         = 1000
   cutoff-scheme                  = Verlet
   nstlist                        = 10
   pbc                            = xyz
   periodic-molecules             = false
   verlet-buffer-tolerance        = 0.005
   rlist                          = 1
   coulombtype                    = PME
   coulomb-modifier               = Potential-shift
   rcoulomb-switch                = 0
   rcoulomb                       = 1
   epsilon-r                      = 1
   epsilon-rf                     = inf
   vdw-type                       = Cut-off
   vdw-modifier                   = Potential-shift
   rvdw-switch                    = 0
   rvdw                           = 1
   DispCorr                       = EnerPres
   table-extension                = 1
   fourierspacing                 = 0.16
   fourier-nx                     = 44
   fourier-ny                     = 44
   fourier-nz                     = 44
   pme-order                      = 4
   ewald-rtol                     = 1e-05
   ewald-rtol-lj                  = 0.001
   lj-pme-comb-rule               = Geometric
   ewald-geometry                 = 0
   epsilon-surface                = 0
   tcoupl                         = V-rescale
   nsttcouple                     = 10
   nh-chain-length                = 0
   print-nose-hoover-chain-variables = false
   pcoupl                         = Parrinello-Rahman
   pcoupltype                     = Isotropic
   nstpcouple                     = 10
   tau-p                          = 2
   compressibility (3x3):
      compressibility[    0]={ 4.50000e-05,  0.00000e+00,  0.00000e+00}
      compressibility[    1]={ 0.00000e+00,  4.50000e-05,  0.00000e+00}
      compressibility[    2]={ 0.00000e+00,  0.00000e+00,  4.50000e-05}
   ref-p (3x3):
      ref-p[    0]={ 1.00000e+00,  0.00000e+00,  0.00000e+00}
      ref-p[    1]={ 0.00000e+00,  1.00000e+00,  0.00000e+00}
      ref-p[    2]={ 0.00000e+00,  0.00000e+00,  1.00000e+00}
   refcoord-scaling               = No
   posres-com (3):
      posres-com[0]= 0.00000e+00
      posres-com[1]= 0.00000e+00
      posres-com[2]= 0.00000e+00
   posres-comB (3):
      posres-comB[0]= 0.00000e+00
      posres-comB[1]= 0.00000e+00
      posres-comB[2]= 0.00000e+00
   QMMM                           = false
   QMconstraints                  = 0
   QMMMscheme                     = 0
   MMChargeScaleFactor            = 1
qm-opts:
   ngQM                           = 0
   constraint-algorithm           = Lincs
   continuation                   = true
   Shake-SOR                      = false
   shake-tol                      = 0.0001
   lincs-order                    = 4
   lincs-iter                     = 1
   lincs-warnangle                = 30
   nwall                          = 0
   wall-type                      = 9-3
   wall-r-linpot                  = -1
   wall-atomtype[0]               = -1
   wall-atomtype[1]               = -1
   wall-density[0]                = 0
   wall-density[1]                = 0
   wall-ewald-zfac                = 3
   pull                           = false
   awh                            = false
   rotation                       = false
   interactiveMD                  = false
   disre                          = No
   disre-weighting                = Conservative
   disre-mixed                    = false
   dr-fc                          = 1000
   dr-tau                         = 0
   nstdisreout                    = 100
   orire-fc                       = 0
   orire-tau                      = 0
   nstorireout                    = 100
   free-energy                    = no
   cos-acceleration               = 0
   deform (3x3):
      deform[    0]={ 0.00000e+00,  0.00000e+00,  0.00000e+00}
      deform[    1]={ 0.00000e+00,  0.00000e+00,  0.00000e+00}
      deform[    2]={ 0.00000e+00,  0.00000e+00,  0.00000e+00}
   simulated-tempering            = false
   swapcoords                     = no
   userint1                       = 0
   userint2                       = 0
   userint3                       = 0
   userint4                       = 0
   userreal1                      = 0
   userreal2                      = 0
   userreal3                      = 0
   userreal4                      = 0
   applied-forces:
     electric-field:
       x:
         E0                       = 0
         omega                    = 0
         t0                       = 0
         sigma                    = 0
       y:
         E0                       = 0
         omega                    = 0
         t0                       = 0
         sigma                    = 0
       z:
         E0                       = 0
         omega                    = 0
         t0                       = 0
         sigma                    = 0
     density-guided-simulation:
       active                     = false
       group                      = protein
       similarity-measure         = inner-product
       atom-spreading-weight      = unity
       force-constant             = 1e+09
       gaussian-transform-spreading-width = 0.2
       gaussian-transform-spreading-range-in-multiples-of-width = 4
       reference-density-filename = reference.mrc
       nst                        = 1
       normalize-densities        = true
       adaptive-force-scaling     = false
       adaptive-force-scaling-time-constant = 4
grpopts:
   nrdf:     4920.79     63837.2
   ref-t:         300         300
   tau-t:         0.1         0.1
annealing:          No          No
annealing-npoints:           0           0
   acc:	           0           0           0
   nfreeze:           N           N           N
   energygrp-flags[  0]: 0

Changing nstlist from 10 to 50, rlist from 1 to 1.116


Initializing Domain Decomposition on 48 ranks
Dynamic load balancing: auto
Using update groups, nr 11645, average size 2.9 atoms, max. radius 0.103 nm
Minimum cell size due to atom displacement: 0.398 nm
Initial maximum distances in bonded interactions:
    two-body bonded interactions: 0.446 nm, LJ-14, atoms 1156 1405
  multi-body bonded interactions: 0.446 nm, Ryckaert-Bell., atoms 1156 1405
Minimum cell size due to bonded interactions: 0.490 nm
Scaling the initial minimum size with 1/0.8 (option -dds) = 1.25
Guess for relative PME load: 0.23
Will use 36 particle-particle and 12 PME only ranks
This is a guess, check the performance at the end of the log file
Using 12 separate PME ranks, as guessed by mdrun
Optimizing the DD grid for 36 cells with a minimum initial size of 0.613 nm
The maximum allowed number of cells is: X 11 Y 11 Z 11
Domain decomposition grid 4 x 3 x 3, separate PME ranks 12
PME domain decomposition: 4 x 3 x 1
Interleaving PP and PME ranks
This rank does only particle-particle work.
Domain decomposition rank 0, coordinates 0 0 0

The initial number of communication pulses is: X 1 Y 1 Z 1
The initial domain decomposition cell size is: X 1.74 nm Y 2.32 nm Z 2.32 nm

The maximum allowed distance for atom groups involved in interactions is:
                 non-bonded interactions           1.323 nm
(the following are initial values, they could change due to box deformation)
            two-body bonded interactions  (-rdd)   1.323 nm
          multi-body bonded interactions  (-rdd)   1.323 nm

When dynamic load balancing gets turned on, these settings will change to:
The maximum number of communication pulses is: X 1 Y 1 Z 1
The minimum size for domain decomposition cells is 1.323 nm
The requested allowed shrink of DD cells (option -dds) is: 0.80
The allowed shrink of domain decomposition cells is: X 0.76 Y 0.57 Z 0.57
The maximum allowed distance for atom groups involved in interactions is:
                 non-bonded interactions           1.323 nm
            two-body bonded interactions  (-rdd)   1.323 nm
          multi-body bonded interactions  (-rdd)   1.323 nm

Using 48 MPI processes

Non-default thread affinity set, disabling internal thread affinity
System total charge: -0.000
Will do PME sum in reciprocal space for electrostatic interactions.

++++ PLEASE READ AND CITE THE FOLLOWING REFERENCE ++++
U. Essmann, L. Perera, M. L. Berkowitz, T. Darden, H. Lee and L. G. Pedersen 
A smooth particle mesh Ewald method
J. Chem. Phys. 103 (1995) pp. 8577-8592
-------- -------- --- Thank You --- -------- --------

Using a Gaussian width (1/beta) of 0.320163 nm for Ewald
Potential shift: LJ r^-12: -1.000e+00 r^-6: -1.000e+00, Ewald -1.000e-05
Initialized non-bonded Ewald tables, spacing: 9.33e-04 size: 1073

Generated table with 1058 data points for 1-4 COUL.
Tabscale = 500 points/nm
Generated table with 1058 data points for 1-4 LJ6.
Tabscale = 500 points/nm
Generated table with 1058 data points for 1-4 LJ12.
Tabscale = 500 points/nm

Using SIMD 4x8 nonbonded short-range kernels

Using a dual 4x8 pair-list setup updated with dynamic pruning:
  outer list: updated every 50 steps, buffer 0.116 nm, rlist 1.116 nm
  inner list: updated every 12 steps, buffer 0.003 nm, rlist 1.003 nm
At tolerance 0.005 kJ/mol/ps per atom, equivalent classical 1x1 list would be:
  outer list: updated every 50 steps, buffer 0.245 nm, rlist 1.245 nm
  inner list: updated every 12 steps, buffer 0.048 nm, rlist 1.048 nm

Using geometric Lennard-Jones combination rule

Long Range LJ corr.: <C6> 3.1923e-04


Initializing LINear Constraint Solver

++++ PLEASE READ AND CITE THE FOLLOWING REFERENCE ++++
B. Hess and H. Bekker and H. J. C. Berendsen and J. G. E. M. Fraaije
LINCS: A Linear Constraint Solver for molecular simulations
J. Comp. Chem. 18 (1997) pp. 1463-1472
-------- -------- --- Thank You --- -------- --------

The number of constraints is 959

++++ PLEASE READ AND CITE THE FOLLOWING REFERENCE ++++
S. Miyamoto and P. A. Kollman
SETTLE: An Analytical Version of the SHAKE and RATTLE Algorithms for Rigid
Water Models
J. Comp. Chem. 13 (1992) pp. 952-962
-------- -------- --- Thank You --- -------- --------


Linking all bonded interactions to atoms

Intra-simulation communication will occur every 10 steps.

++++ PLEASE READ AND CITE THE FOLLOWING REFERENCE ++++
G. Bussi, D. Donadio and M. Parrinello
Canonical sampling through velocity rescaling
J. Chem. Phys. 126 (2007) pp. 014101
-------- -------- --- Thank You --- -------- --------

There are: 33876 Atoms
Atom distribution over 36 domains: av 941 stddev 24 min 892 max 1010
Center of mass motion removal mode is Linear
We have the following groups for center of mass motion removal:
  0:  rest

Started mdrun on rank 0 Tue Sep 27 16:25:13 2022

           Step           Time
              0        0.00000

   Energies (kJ/mol)
           Bond          Angle    Proper Dih. Ryckaert-Bell.          LJ-14
    1.45456e+03    3.58399e+03    2.69285e+02    1.83908e+03    2.63550e+03
     Coulomb-14        LJ (SR)  Disper. corr.   Coulomb (SR)   Coul. recip.
    7.80440e+03    9.43451e+04   -4.57180e+03   -6.35297e+05    2.98238e+03
      Potential    Kinetic En.   Total Energy  Conserved En.    Temperature
   -5.24954e+05    8.49529e+04   -4.40001e+05   -4.39981e+05    2.97201e+02
 Pres. DC (bar) Pressure (bar)   Constr. rmsd
   -2.26711e+02    9.82005e+01    3.44422e-06


DD  step 49 load imb.: force 12.1%  pme mesh/force 0.986

DD  step 4999 load imb.: force 15.2%  pme mesh/force 0.963

step 5000 Turning on dynamic load balancing, because the performance loss due to load imbalance is 2.5 %.
           Step           Time
           5000       10.00000

   Energies (kJ/mol)
           Bond          Angle    Proper Dih. Ryckaert-Bell.          LJ-14
    1.52091e+03    3.66214e+03    2.71874e+02    1.94006e+03    2.62841e+03
     Coulomb-14        LJ (SR)  Disper. corr.   Coulomb (SR)   Coul. recip.
    7.76086e+03    9.21175e+04   -4.56518e+03   -6.33608e+05    3.05544e+03
      Potential    Kinetic En.   Total Energy  Conserved En.    Temperature
   -5.25216e+05    8.56738e+04   -4.39542e+05   -4.39937e+05    2.99723e+02
 Pres. DC (bar) Pressure (bar)   Constr. rmsd
   -2.26055e+02   -2.69998e+02    2.79035e-06


DD  step 9999  vol min/aver 0.686  load imb.: force  3.0%  pme mesh/force 0.985
           Step           Time
          10000       20.00000

   Energies (kJ/mol)
           Bond          Angle    Proper Dih. Ryckaert-Bell.          LJ-14
    1.43985e+03    3.71654e+03    2.67879e+02    1.82640e+03    2.70399e+03
     Coulomb-14        LJ (SR)  Disper. corr.   Coulomb (SR)   Coul. recip.
    7.75760e+03    9.34770e+04   -4.53585e+03   -6.34533e+05    2.95426e+03
      Potential    Kinetic En.   Total Energy  Conserved En.    Temperature
   -5.24926e+05    8.55446e+04   -4.39381e+05   -4.39910e+05    2.99272e+02
 Pres. DC (bar) Pressure (bar)   Constr. rmsd
   -2.23163e+02   -8.22253e+01    2.73920e-06


DD  step 14999  vol min/aver 0.697  load imb.: force  2.4%  pme mesh/force 0.968
           Step           Time
          15000       30.00000

   Energies (kJ/mol)
           Bond          Angle    Proper Dih. Ryckaert-Bell.          LJ-14
    1.61542e+03    3.68284e+03    2.40270e+02    1.84647e+03    2.55815e+03
     Coulomb-14        LJ (SR)  Disper. corr.   Coulomb (SR)   Coul. recip.
    7.78739e+03    9.33187e+04   -4.57674e+03   -6.35158e+05    2.95287e+03
      Potential    Kinetic En.   Total Energy  Conserved En.    Temperature
   -5.25733e+05    8.65255e+04   -4.39207e+05   -4.39857e+05    3.02703e+02
 Pres. DC (bar) Pressure (bar)   Constr. rmsd
   -2.27200e+02   -9.25116e+01    3.19569e-06


DD  step 19999  vol min/aver 0.693  load imb.: force  4.8%  pme mesh/force 0.993
           Step           Time
          20000       40.00000

   Energies (kJ/mol)
           Bond          Angle    Proper Dih. Ryckaert-Bell.          LJ-14
    1.48837e+03    3.89296e+03    2.47348e+02    1.76891e+03    2.65972e+03
     Coulomb-14        LJ (SR)  Disper. corr.   Coulomb (SR)   Coul. recip.
    7.66263e+03    9.33210e+04   -4.56563e+03   -6.34608e+05    2.94720e+03
      Potential    Kinetic En.   Total Energy  Conserved En.    Temperature
   -5.25186e+05    8.52726e+04   -4.39913e+05   -4.39767e+05    2.98320e+02
 Pres. DC (bar) Pressure (bar)   Constr. rmsd
   -2.26100e+02    7.02472e+01    2.90698e-06


DD  step 24999  vol min/aver 0.700  load imb.: force  3.9%  pme mesh/force 0.982
           Step           Time
          25000       50.00000

   Energies (kJ/mol)
           Bond          Angle    Proper Dih. Ryckaert-Bell.          LJ-14
    1.51430e+03    3.73589e+03    2.47436e+02    1.88012e+03    2.62436e+03
     Coulomb-14        LJ (SR)  Disper. corr.   Coulomb (SR)   Coul. recip.
    7.80254e+03    9.35958e+04   -4.57441e+03   -6.34844e+05    3.03036e+03
      Potential    Kinetic En.   Total Energy  Conserved En.    Temperature
   -5.24988e+05    8.66730e+04   -4.38314e+05   -4.39738e+05    3.03219e+02
 Pres. DC (bar) Pressure (bar)   Constr. rmsd
   -2.26969e+02   -2.26425e+01    3.09840e-06


DD  step 29999  vol min/aver 0.737  load imb.: force  7.9%  pme mesh/force 1.059
           Step           Time
          30000       60.00000

   Energies (kJ/mol)
           Bond          Angle    Proper Dih. Ryckaert-Bell.          LJ-14
    1.52319e+03    3.74887e+03    2.56350e+02    1.83872e+03    2.69620e+03
     Coulomb-14        LJ (SR)  Disper. corr.   Coulomb (SR)   Coul. recip.
    7.77146e+03    9.23910e+04   -4.56680e+03   -6.33579e+05    2.80458e+03
      Potential    Kinetic En.   Total Energy  Conserved En.    Temperature
   -5.25115e+05    8.55562e+04   -4.39559e+05   -4.39676e+05    2.99312e+02
 Pres. DC (bar) Pressure (bar)   Constr. rmsd
   -2.26215e+02   -1.48760e+02    2.97303e-06


DD  step 34999  vol min/aver 0.699  load imb.: force  2.4%  pme mesh/force 0.981
           Step           Time
          35000       70.00000

   Energies (kJ/mol)
           Bond          Angle    Proper Dih. Ryckaert-Bell.          LJ-14
    1.58511e+03    3.57022e+03    2.65600e+02    1.76088e+03    2.69747e+03
     Coulomb-14        LJ (SR)  Disper. corr.   Coulomb (SR)   Coul. recip.
    7.78502e+03    9.39388e+04   -4.58335e+03   -6.35321e+05    2.98536e+03
      Potential    Kinetic En.   Total Energy  Conserved En.    Temperature
   -5.25316e+05    8.56423e+04   -4.39674e+05   -4.39623e+05    2.99613e+02
 Pres. DC (bar) Pressure (bar)   Constr. rmsd
   -2.27856e+02    8.16668e+01    3.06752e-06


DD  step 39999  vol min/aver 0.675  load imb.: force  2.9%  pme mesh/force 0.971
           Step           Time
          40000       80.00000

   Energies (kJ/mol)
           Bond          Angle    Proper Dih. Ryckaert-Bell.          LJ-14
    1.43881e+03    3.61532e+03    2.26901e+02    1.75564e+03    2.73100e+03
     Coulomb-14        LJ (SR)  Disper. corr.   Coulomb (SR)   Coul. recip.
    7.73047e+03    9.33222e+04   -4.55954e+03   -6.33910e+05    3.01673e+03
      Potential    Kinetic En.   Total Energy  Conserved En.    Temperature
   -5.24632e+05    8.54223e+04   -4.39210e+05   -4.39563e+05    2.98843e+02
 Pres. DC (bar) Pressure (bar)   Constr. rmsd
   -2.25497e+02    9.62878e+01    2.96303e-06


DD  step 44999  vol min/aver 0.673  load imb.: force  3.3%  pme mesh/force 0.981
           Step           Time
          45000       90.00000

   Energies (kJ/mol)
           Bond          Angle    Proper Dih. Ryckaert-Bell.          LJ-14
    1.48949e+03    3.82086e+03    2.59497e+02    1.79645e+03    2.65828e+03
     Coulomb-14        LJ (SR)  Disper. corr.   Coulomb (SR)   Coul. recip.
    7.72501e+03    9.39371e+04   -4.56198e+03   -6.34111e+05    2.90874e+03
      Potential    Kinetic En.   Total Energy  Conserved En.    Temperature
   -5.24078e+05    8.61112e+04   -4.37967e+05   -4.39513e+05    3.01254e+02
 Pres. DC (bar) Pressure (bar)   Constr. rmsd
   -2.25738e+02    7.79064e+01    2.65191e-06


DD  step 49999  vol min/aver 0.670  load imb.: force  2.8%  pme mesh/force 0.967
           Step           Time
          50000      100.00000

   Energies (kJ/mol)
           Bond          Angle    Proper Dih. Ryckaert-Bell.          LJ-14
    1.48678e+03    3.85453e+03    2.19213e+02    1.68852e+03    2.66832e+03
     Coulomb-14        LJ (SR)  Disper. corr.   Coulomb (SR)   Coul. recip.
    7.71620e+03    9.34723e+04   -4.56353e+03   -6.34789e+05    2.89408e+03
      Potential    Kinetic En.   Total Energy  Conserved En.    Temperature
   -5.25353e+05    8.54069e+04   -4.39946e+05   -4.39441e+05    2.98790e+02
 Pres. DC (bar) Pressure (bar)   Constr. rmsd
   -2.25892e+02   -7.17663e+01    2.76263e-06


DD  step 54999  vol min/aver 0.672  load imb.: force  2.8%  pme mesh/force 0.975
           Step           Time
          55000      110.00000

   Energies (kJ/mol)
           Bond          Angle    Proper Dih. Ryckaert-Bell.          LJ-14
    1.46679e+03    3.98636e+03    2.09175e+02    1.66583e+03    2.61248e+03
     Coulomb-14        LJ (SR)  Disper. corr.   Coulomb (SR)   Coul. recip.
    7.64454e+03    9.22216e+04   -4.54135e+03   -6.32240e+05    2.93733e+03
      Potential    Kinetic En.   Total Energy  Conserved En.    Temperature
   -5.24037e+05    8.58613e+04   -4.38176e+05   -4.39402e+05    3.00379e+02
 Pres. DC (bar) Pressure (bar)   Constr. rmsd
   -2.23704e+02   -1.95156e+02    2.63006e-06


DD  step 59999  vol min/aver 0.700  load imb.: force  3.8%  pme mesh/force 0.976
           Step           Time
          60000      120.00000

   Energies (kJ/mol)
           Bond          Angle    Proper Dih. Ryckaert-Bell.          LJ-14
    1.58043e+03    3.78183e+03    2.36478e+02    1.72935e+03    2.59422e+03
     Coulomb-14        LJ (SR)  Disper. corr.   Coulomb (SR)   Coul. recip.
    7.71389e+03    9.34096e+04   -4.56349e+03   -6.34025e+05    2.98369e+03
      Potential    Kinetic En.   Total Energy  Conserved En.    Temperature
   -5.24559e+05    8.55805e+04   -4.38978e+05   -4.39356e+05    2.99397e+02
 Pres. DC (bar) Pressure (bar)   Constr. rmsd
   -2.25888e+02   -1.45172e+02    2.86749e-06


DD  step 64999  vol min/aver 0.665  load imb.: force  3.4%  pme mesh/force 0.973
           Step           Time
          65000      130.00000

   Energies (kJ/mol)
           Bond          Angle    Proper Dih. Ryckaert-Bell.          LJ-14
    1.35644e+03    3.63917e+03    2.53135e+02    1.73749e+03    2.62599e+03
     Coulomb-14        LJ (SR)  Disper. corr.   Coulomb (SR)   Coul. recip.
    7.69302e+03    9.40413e+04   -4.55517e+03   -6.35724e+05    2.94851e+03
      Potential    Kinetic En.   Total Energy  Conserved En.    Temperature
   -5.25984e+05    8.59268e+04   -4.40058e+05   -4.39308e+05    3.00608e+02
 Pres. DC (bar) Pressure (bar)   Constr. rmsd
   -2.25066e+02    6.21997e+01    2.51123e-06


DD  step 69999  vol min/aver 0.676  load imb.: force  2.8%  pme mesh/force 0.970
           Step           Time
          70000      140.00000

   Energies (kJ/mol)
           Bond          Angle    Proper Dih. Ryckaert-Bell.          LJ-14
    1.41590e+03    3.62577e+03    2.50726e+02    1.82737e+03    2.66577e+03
     Coulomb-14        LJ (SR)  Disper. corr.   Coulomb (SR)   Coul. recip.
    7.72267e+03    9.38234e+04   -4.55936e+03   -6.36142e+05    2.95375e+03
      Potential    Kinetic En.   Total Energy  Conserved En.    Temperature
   -5.26416e+05    8.54587e+04   -4.40958e+05   -4.39257e+05    2.98971e+02
 Pres. DC (bar) Pressure (bar)   Constr. rmsd
   -2.25480e+02   -2.55541e+01    2.66355e-06


DD  step 74999  vol min/aver 0.692  load imb.: force  4.2%  pme mesh/force 0.979
           Step           Time
          75000      150.00000

   Energies (kJ/mol)
           Bond          Angle    Proper Dih. Ryckaert-Bell.          LJ-14
    1.47930e+03    3.76030e+03    2.63245e+02    1.75437e+03    2.65638e+03
     Coulomb-14        LJ (SR)  Disper. corr.   Coulomb (SR)   Coul. recip.
    7.72071e+03    9.32984e+04   -4.55390e+03   -6.33592e+05    2.94068e+03
      Potential    Kinetic En.   Total Energy  Conserved En.    Temperature
   -5.24273e+05    8.55410e+04   -4.38732e+05   -4.39196e+05    2.99259e+02
 Pres. DC (bar) Pressure (bar)   Constr. rmsd
   -2.24941e+02   -1.56714e+02    3.02049e-06


DD  step 79999  vol min/aver 0.678  load imb.: force  3.6%  pme mesh/force 0.986
           Step           Time
          80000      160.00000

   Energies (kJ/mol)
           Bond          Angle    Proper Dih. Ryckaert-Bell.          LJ-14
    1.38270e+03    3.78448e+03    2.54322e+02    1.77012e+03    2.65606e+03
     Coulomb-14        LJ (SR)  Disper. corr.   Coulomb (SR)   Coul. recip.
    7.61535e+03    9.27798e+04   -4.55447e+03   -6.33313e+05    2.96260e+03
      Potential    Kinetic En.   Total Energy  Conserved En.    Temperature
   -5.24662e+05    8.62423e+04   -4.38420e+05   -4.39141e+05    3.01712e+02
 Pres. DC (bar) Pressure (bar)   Constr. rmsd
   -2.24997e+02   -8.89256e+01    3.05256e-06


DD  step 84999  vol min/aver 0.659  load imb.: force  3.3%  pme mesh/force 0.955
           Step           Time
          85000      170.00000

   Energies (kJ/mol)
           Bond          Angle    Proper Dih. Ryckaert-Bell.          LJ-14
    1.50806e+03    3.64590e+03    2.62510e+02    1.69679e+03    2.62076e+03
     Coulomb-14        LJ (SR)  Disper. corr.   Coulomb (SR)   Coul. recip.
    7.72160e+03    9.30652e+04   -4.57677e+03   -6.33712e+05    2.81874e+03
      Potential    Kinetic En.   Total Energy  Conserved En.    Temperature
   -5.24950e+05    8.61371e+04   -4.38812e+05   -4.39096e+05    3.01344e+02
 Pres. DC (bar) Pressure (bar)   Constr. rmsd
   -2.27203e+02   -7.00583e+00    3.02754e-06


DD  step 89999  vol min/aver 0.672  load imb.: force  3.3%  pme mesh/force 0.974
           Step           Time
          90000      180.00000

   Energies (kJ/mol)
           Bond          Angle    Proper Dih. Ryckaert-Bell.          LJ-14
    1.52100e+03    3.93892e+03    2.35506e+02    1.74879e+03    2.56358e+03
     Coulomb-14        LJ (SR)  Disper. corr.   Coulomb (SR)   Coul. recip.
    7.60882e+03    9.48859e+04   -4.55717e+03   -6.35606e+05    2.99949e+03
      Potential    Kinetic En.   Total Energy  Conserved En.    Temperature
   -5.24661e+05    8.48598e+04   -4.39802e+05   -4.39009e+05    2.96875e+02
 Pres. DC (bar) Pressure (bar)   Constr. rmsd
   -2.25264e+02    1.97966e+02    2.70748e-06


DD  step 94999  vol min/aver 0.694  load imb.: force  2.8%  pme mesh/force 0.975
           Step           Time
          95000      190.00000

   Energies (kJ/mol)
           Bond          Angle    Proper Dih. Ryckaert-Bell.          LJ-14
    1.49342e+03    3.87598e+03    2.56937e+02    1.69820e+03    2.68996e+03
     Coulomb-14        LJ (SR)  Disper. corr.   Coulomb (SR)   Coul. recip.
    7.75292e+03    9.44817e+04   -4.59365e+03   -6.36692e+05    2.89792e+03
      Potential    Kinetic En.   Total Energy  Conserved En.    Temperature
   -5.26139e+05    8.57944e+04   -4.40344e+05   -4.38937e+05    3.00145e+02
 Pres. DC (bar) Pressure (bar)   Constr. rmsd
   -2.28880e+02    1.57718e+02    2.58115e-06


DD  step 99999  vol min/aver 0.695  load imb.: force  3.9%  pme mesh/force 0.974
           Step           Time
         100000      200.00000

   Energies (kJ/mol)
           Bond          Angle    Proper Dih. Ryckaert-Bell.          LJ-14
    1.51527e+03    3.82362e+03    2.66349e+02    1.67268e+03    2.67410e+03
     Coulomb-14        LJ (SR)  Disper. corr.   Coulomb (SR)   Coul. recip.
    7.74627e+03    9.26124e+04   -4.54779e+03   -6.33131e+05    2.91797e+03
      Potential    Kinetic En.   Total Energy  Conserved En.    Temperature
   -5.24450e+05    8.61454e+04   -4.38305e+05   -4.38912e+05    3.01373e+02
 Pres. DC (bar) Pressure (bar)   Constr. rmsd
   -2.24339e+02   -2.15954e+02    2.92797e-06


DD  step 104999  vol min/aver 0.708  load imb.: force  6.6%  pme mesh/force 0.981
           Step           Time
         105000      210.00000

   Energies (kJ/mol)
           Bond          Angle    Proper Dih. Ryckaert-Bell.          LJ-14
    1.42097e+03    3.87306e+03    2.81457e+02    1.75286e+03    2.58628e+03
     Coulomb-14        LJ (SR)  Disper. corr.   Coulomb (SR)   Coul. recip.
    7.78644e+03    9.32913e+04   -4.57697e+03   -6.33924e+05    2.89149e+03
      Potential    Kinetic En.   Total Energy  Conserved En.    Temperature
   -5.24617e+05    8.56900e+04   -4.38927e+05   -4.38862e+05    2.99780e+02
 Pres. DC (bar) Pressure (bar)   Constr. rmsd
   -2.27223e+02   -1.84000e+01    2.55530e-06


DD  step 109999  vol min/aver 0.663  load imb.: force  1.9%  pme mesh/force 0.966
           Step           Time
         110000      220.00000

   Energies (kJ/mol)
           Bond          Angle    Proper Dih. Ryckaert-Bell.          LJ-14
    1.53905e+03    3.89646e+03    2.59170e+02    1.71498e+03    2.65924e+03
     Coulomb-14        LJ (SR)  Disper. corr.   Coulomb (SR)   Coul. recip.
    7.77972e+03    9.34477e+04   -4.54489e+03   -6.33336e+05    2.98248e+03
      Potential    Kinetic En.   Total Energy  Conserved En.    Temperature
   -5.23602e+05    8.62670e+04   -4.37336e+05   -4.38796e+05    3.01799e+02
 Pres. DC (bar) Pressure (bar)   Constr. rmsd
   -2.24052e+02   -1.61152e+01    2.94475e-06


DD  step 114999  vol min/aver 0.642  load imb.: force  4.5%  pme mesh/force 0.992
           Step           Time
         115000      230.00000

   Energies (kJ/mol)
           Bond          Angle    Proper Dih. Ryckaert-Bell.          LJ-14
    1.40543e+03    3.77162e+03    2.87004e+02    1.68848e+03    2.68683e+03
     Coulomb-14        LJ (SR)  Disper. corr.   Coulomb (SR)   Coul. recip.
    7.68538e+03    9.26085e+04   -4.56220e+03   -6.32587e+05    2.89181e+03
      Potential    Kinetic En.   Total Energy  Conserved En.    Temperature
   -5.24124e+05    8.62807e+04   -4.37843e+05   -4.38752e+05    3.01846e+02
 Pres. DC (bar) Pressure (bar)   Constr. rmsd
   -2.25760e+02    1.36977e+00    2.84385e-06


DD  step 119999  vol min/aver 0.625  load imb.: force  3.5%  pme mesh/force 0.999
           Step           Time
         120000      240.00000

   Energies (kJ/mol)
           Bond          Angle    Proper Dih. Ryckaert-Bell.          LJ-14
    1.48285e+03    3.63884e+03    2.46083e+02    1.71224e+03    2.68343e+03
     Coulomb-14        LJ (SR)  Disper. corr.   Coulomb (SR)   Coul. recip.
    7.76958e+03    9.31841e+04   -4.56030e+03   -6.33819e+05    2.89824e+03
      Potential    Kinetic En.   Total Energy  Conserved En.    Temperature
   -5.24764e+05    8.55537e+04   -4.39210e+05   -4.38698e+05    2.99303e+02
 Pres. DC (bar) Pressure (bar)   Constr. rmsd
   -2.25573e+02   -2.98994e+01    2.68587e-06


DD  step 124999  vol min/aver 0.691  load imb.: force  2.9%  pme mesh/force 0.975
           Step           Time
         125000      250.00000

   Energies (kJ/mol)
           Bond          Angle    Proper Dih. Ryckaert-Bell.          LJ-14
    1.45782e+03    3.66090e+03    2.35696e+02    1.78903e+03    2.65156e+03
     Coulomb-14        LJ (SR)  Disper. corr.   Coulomb (SR)   Coul. recip.
    7.80383e+03    9.32120e+04   -4.55360e+03   -6.33763e+05    2.97604e+03
      Potential    Kinetic En.   Total Energy  Conserved En.    Temperature
   -5.24530e+05    8.55592e+04   -4.38971e+05   -4.38659e+05    2.99323e+02
 Pres. DC (bar) Pressure (bar)   Constr. rmsd
   -2.24911e+02   -1.68959e+02    3.02903e-06


DD  step 129999  vol min/aver 0.691  load imb.: force  3.2%  pme mesh/force 0.965
           Step           Time
         130000      260.00000

   Energies (kJ/mol)
           Bond          Angle    Proper Dih. Ryckaert-Bell.          LJ-14
    1.49468e+03    3.68937e+03    2.26207e+02    1.78678e+03    2.66375e+03
     Coulomb-14        LJ (SR)  Disper. corr.   Coulomb (SR)   Coul. recip.
    7.73435e+03    9.28838e+04   -4.57309e+03   -6.33813e+05    2.91302e+03
      Potential    Kinetic En.   Total Energy  Conserved En.    Temperature
   -5.24994e+05    8.57394e+04   -4.39254e+05   -4.38594e+05    2.99953e+02
 Pres. DC (bar) Pressure (bar)   Constr. rmsd
   -2.26838e+02   -1.07705e+02    2.79818e-06


DD  step 134999  vol min/aver 0.664  load imb.: force  3.6%  pme mesh/force 0.972
           Step           Time
         135000      270.00000

   Energies (kJ/mol)
           Bond          Angle    Proper Dih. Ryckaert-Bell.          LJ-14
    1.58207e+03    3.78279e+03    2.30428e+02    1.74903e+03    2.69362e+03
     Coulomb-14        LJ (SR)  Disper. corr.   Coulomb (SR)   Coul. recip.
    7.85008e+03    9.34615e+04   -4.54442e+03   -6.34374e+05    3.02104e+03
      Potential    Kinetic En.   Total Energy  Conserved En.    Temperature
   -5.24548e+05    8.61134e+04   -4.38435e+05   -4.38530e+05    3.01261e+02
 Pres. DC (bar) Pressure (bar)   Constr. rmsd
   -2.24007e+02   -2.24244e+02    3.08256e-06


DD  step 139999  vol min/aver 0.712  load imb.: force  5.0%  pme mesh/force 0.956
           Step           Time
         140000      280.00000

   Energies (kJ/mol)
           Bond          Angle    Proper Dih. Ryckaert-Bell.          LJ-14
    1.57045e+03    3.70772e+03    2.39140e+02    1.84081e+03    2.70898e+03
     Coulomb-14        LJ (SR)  Disper. corr.   Coulomb (SR)   Coul. recip.
    7.80868e+03    9.33936e+04   -4.55337e+03   -6.33239e+05    2.91700e+03
      Potential    Kinetic En.   Total Energy  Conserved En.    Temperature
   -5.23606e+05    8.61774e+04   -4.37429e+05   -4.38479e+05    3.01485e+02
 Pres. DC (bar) Pressure (bar)   Constr. rmsd
   -2.24889e+02    1.97256e+00    3.01501e-06


DD  step 144999  vol min/aver 0.645  load imb.: force  4.4%  pme mesh/force 0.970
           Step           Time
         145000      290.00000

   Energies (kJ/mol)
           Bond          Angle    Proper Dih. Ryckaert-Bell.          LJ-14
    1.44595e+03    3.63018e+03    2.22055e+02    1.81184e+03    2.71303e+03
     Coulomb-14        LJ (SR)  Disper. corr.   Coulomb (SR)   Coul. recip.
    7.85855e+03    9.32549e+04   -4.56158e+03   -6.35011e+05    2.93008e+03
      Potential    Kinetic En.   Total Energy  Conserved En.    Temperature
   -5.25706e+05    8.59047e+04   -4.39801e+05   -4.38412e+05    3.00531e+02
 Pres. DC (bar) Pressure (bar)   Constr. rmsd
   -2.25700e+02   -1.67592e+02    3.42476e-06


DD  step 149999  vol min/aver 0.640  load imb.: force  3.7%  pme mesh/force 0.978
           Step           Time
         150000      300.00000

   Energies (kJ/mol)
           Bond          Angle    Proper Dih. Ryckaert-Bell.          LJ-14
    1.43335e+03    3.73097e+03    2.24978e+02    1.82142e+03    2.74669e+03
     Coulomb-14        LJ (SR)  Disper. corr.   Coulomb (SR)   Coul. recip.
    7.80023e+03    9.41034e+04   -4.56677e+03   -6.35102e+05    2.82888e+03
      Potential    Kinetic En.   Total Energy  Conserved En.    Temperature
   -5.24979e+05    8.60946e+04   -4.38885e+05   -4.38363e+05    3.01195e+02
 Pres. DC (bar) Pressure (bar)   Constr. rmsd
   -2.26213e+02    2.49464e+02    3.07118e-06


DD  step 154999  vol min/aver 0.647  load imb.: force  4.1%  pme mesh/force 0.994
           Step           Time
         155000      310.00000

   Energies (kJ/mol)
           Bond          Angle    Proper Dih. Ryckaert-Bell.          LJ-14
    1.49318e+03    3.89038e+03    2.38218e+02    1.81146e+03    2.66626e+03
     Coulomb-14        LJ (SR)  Disper. corr.   Coulomb (SR)   Coul. recip.
    7.85548e+03    9.29412e+04   -4.54447e+03   -6.33412e+05    2.87437e+03
      Potential    Kinetic En.   Total Energy  Conserved En.    Temperature
   -5.24186e+05    8.55412e+04   -4.38644e+05   -4.38302e+05    2.99260e+02
 Pres. DC (bar) Pressure (bar)   Constr. rmsd
   -2.24011e+02   -4.86683e+01    2.75268e-06


DD  step 159999  vol min/aver 0.655  load imb.: force  3.5%  pme mesh/force 0.972
           Step           Time
         160000      320.00000

   Energies (kJ/mol)
           Bond          Angle    Proper Dih. Ryckaert-Bell.          LJ-14
    1.42300e+03    3.73065e+03    2.61463e+02    1.75971e+03    2.71963e+03
     Coulomb-14        LJ (SR)  Disper. corr.   Coulomb (SR)   Coul. recip.
    7.75204e+03    9.39248e+04   -4.56586e+03   -6.36649e+05    2.82961e+03
      Potential    Kinetic En.   Total Energy  Conserved En.    Temperature
   -5.26814e+05    8.60095e+04   -4.40805e+05   -4.38266e+05    3.00898e+02
 Pres. DC (bar) Pressure (bar)   Constr. rmsd
   -2.26122e+02    7.51120e+01    2.97814e-06


DD  step 164999  vol min/aver 0.646  load imb.: force  3.9%  pme mesh/force 0.975
           Step           Time
         165000      330.00000

   Energies (kJ/mol)
           Bond          Angle    Proper Dih. Ryckaert-Bell.          LJ-14
    1.44021e+03    3.69656e+03    2.44613e+02    1.70389e+03    2.72240e+03
     Coulomb-14        LJ (SR)  Disper. corr.   Coulomb (SR)   Coul. recip.
    7.80364e+03    9.35374e+04   -4.54645e+03   -6.34117e+05    2.97840e+03
      Potential    Kinetic En.   Total Energy  Conserved En.    Temperature
   -5.24537e+05    8.59546e+04   -4.38582e+05   -4.38217e+05    3.00706e+02
 Pres. DC (bar) Pressure (bar)   Constr. rmsd
   -2.24206e+02    2.58879e+01    2.65700e-06


DD  step 169999  vol min/aver 0.713  load imb.: force  3.6%  pme mesh/force 0.982
           Step           Time
         170000      340.00000

   Energies (kJ/mol)
           Bond          Angle    Proper Dih. Ryckaert-Bell.          LJ-14
    1.40100e+03    3.67770e+03    2.36611e+02    1.68957e+03    2.70505e+03
     Coulomb-14        LJ (SR)  Disper. corr.   Coulomb (SR)   Coul. recip.
    7.74135e+03    9.49090e+04   -4.57973e+03   -6.35631e+05    2.94992e+03
      Potential    Kinetic En.   Total Energy  Conserved En.    Temperature
   -5.24901e+05    8.61904e+04   -4.38710e+05   -4.38162e+05    3.01531e+02
 Pres. DC (bar) Pressure (bar)   Constr. rmsd
   -2.27496e+02    4.01741e+02    2.81131e-06


DD  step 174999  vol min/aver 0.656  load imb.: force  5.0%  pme mesh/force 0.980
           Step           Time
         175000      350.00000

   Energies (kJ/mol)
           Bond          Angle    Proper Dih. Ryckaert-Bell.          LJ-14
    1.57917e+03    3.85780e+03    2.45374e+02    1.71142e+03    2.73334e+03
     Coulomb-14        LJ (SR)  Disper. corr.   Coulomb (SR)   Coul. recip.
    7.85931e+03    9.20541e+04   -4.55961e+03   -6.32559e+05    2.96000e+03
      Potential    Kinetic En.   Total Energy  Conserved En.    Temperature
   -5.24118e+05    8.58510e+04   -4.38267e+05   -4.38072e+05    3.00343e+02
 Pres. DC (bar) Pressure (bar)   Constr. rmsd
   -2.25505e+02   -9.77532e+01    3.07705e-06


DD  step 179999  vol min/aver 0.654  load imb.: force  2.5%  pme mesh/force 0.970
           Step           Time
         180000      360.00000

   Energies (kJ/mol)
           Bond          Angle    Proper Dih. Ryckaert-Bell.          LJ-14
    1.48897e+03    3.94554e+03    2.59023e+02    1.81444e+03    2.61712e+03
     Coulomb-14        LJ (SR)  Disper. corr.   Coulomb (SR)   Coul. recip.
    7.62420e+03    9.34973e+04   -4.54927e+03   -6.33648e+05    2.95899e+03
      Potential    Kinetic En.   Total Energy  Conserved En.    Temperature
   -5.23992e+05    8.52129e+04   -4.38779e+05   -4.38047e+05    2.98111e+02
 Pres. DC (bar) Pressure (bar)   Constr. rmsd
   -2.24484e+02   -2.70358e+01    2.84928e-06


DD  step 184999  vol min/aver 0.662  load imb.: force  4.2%  pme mesh/force 0.963
           Step           Time
         185000      370.00000

   Energies (kJ/mol)
           Bond          Angle    Proper Dih. Ryckaert-Bell.          LJ-14
    1.45275e+03    3.66461e+03    2.45978e+02    1.71020e+03    2.67635e+03
     Coulomb-14        LJ (SR)  Disper. corr.   Coulomb (SR)   Coul. recip.
    7.67909e+03    9.35348e+04   -4.57554e+03   -6.34518e+05    2.98762e+03
      Potential    Kinetic En.   Total Energy  Conserved En.    Temperature
   -5.25142e+05    8.58564e+04   -4.39286e+05   -4.37979e+05    3.00362e+02
 Pres. DC (bar) Pressure (bar)   Constr. rmsd
   -2.27081e+02    6.80433e+01    2.94264e-06


DD  step 189999  vol min/aver 0.653  load imb.: force  3.6%  pme mesh/force 0.975
           Step           Time
         190000      380.00000

   Energies (kJ/mol)
           Bond          Angle    Proper Dih. Ryckaert-Bell.          LJ-14
    1.49203e+03    3.88893e+03    2.61525e+02    1.72592e+03    2.64888e+03
     Coulomb-14        LJ (SR)  Disper. corr.   Coulomb (SR)   Coul. recip.
    7.79021e+03    9.44547e+04   -4.54352e+03   -6.35747e+05    2.95899e+03
      Potential    Kinetic En.   Total Energy  Conserved En.    Temperature
   -5.25069e+05    8.63606e+04   -4.38709e+05   -4.37925e+05    3.02126e+02
 Pres. DC (bar) Pressure (bar)   Constr. rmsd
   -2.23917e+02    2.50967e+01    2.87622e-06


DD  step 194999  vol min/aver 0.652  load imb.: force  2.1%  pme mesh/force 0.967
           Step           Time
         195000      390.00000

   Energies (kJ/mol)
           Bond          Angle    Proper Dih. Ryckaert-Bell.          LJ-14
    1.49055e+03    3.59928e+03    2.40571e+02    1.76814e+03    2.76314e+03
     Coulomb-14        LJ (SR)  Disper. corr.   Coulomb (SR)   Coul. recip.
    7.81101e+03    9.29632e+04   -4.54550e+03   -6.33925e+05    2.88263e+03
      Potential    Kinetic En.   Total Energy  Conserved En.    Temperature
   -5.24952e+05    8.55346e+04   -4.39417e+05   -4.37854e+05    2.99236e+02
 Pres. DC (bar) Pressure (bar)   Constr. rmsd
   -2.24113e+02   -1.41870e+02    2.89285e-06


DD  step 199999  vol min/aver 0.671  load imb.: force  5.4%  pme mesh/force 0.980
           Step           Time
         200000      400.00000

   Energies (kJ/mol)
           Bond          Angle    Proper Dih. Ryckaert-Bell.          LJ-14
    1.51009e+03    3.85329e+03    2.46793e+02    1.70836e+03    2.63817e+03
     Coulomb-14        LJ (SR)  Disper. corr.   Coulomb (SR)   Coul. recip.
    7.77797e+03    9.32830e+04   -4.55697e+03   -6.34860e+05    2.95590e+03
      Potential    Kinetic En.   Total Energy  Conserved En.    Temperature
   -5.25444e+05    8.46768e+04   -4.40767e+05   -4.37789e+05    2.96236e+02
 Pres. DC (bar) Pressure (bar)   Constr. rmsd
   -2.25243e+02   -2.01488e+02    2.85500e-06


DD  step 204999  vol min/aver 0.664  load imb.: force  3.3%  pme mesh/force 0.958
           Step           Time
         205000      410.00000

   Energies (kJ/mol)
           Bond          Angle    Proper Dih. Ryckaert-Bell.          LJ-14
    1.52606e+03    3.86126e+03    2.62089e+02    1.76093e+03    2.64571e+03
     Coulomb-14        LJ (SR)  Disper. corr.   Coulomb (SR)   Coul. recip.
    7.80711e+03    9.31277e+04   -4.56879e+03   -6.34054e+05    2.92680e+03
      Potential    Kinetic En.   Total Energy  Conserved En.    Temperature
   -5.24705e+05    8.56610e+04   -4.39044e+05   -4.37748e+05    2.99678e+02
 Pres. DC (bar) Pressure (bar)   Constr. rmsd
   -2.26412e+02   -1.12089e+02    3.12567e-06


DD  step 209999  vol min/aver 0.644  load imb.: force  3.8%  pme mesh/force 0.981
           Step           Time
         210000      420.00000

   Energies (kJ/mol)
           Bond          Angle    Proper Dih. Ryckaert-Bell.          LJ-14
    1.50965e+03    3.72157e+03    2.35940e+02    1.77229e+03    2.71594e+03
     Coulomb-14        LJ (SR)  Disper. corr.   Coulomb (SR)   Coul. recip.
    7.82102e+03    9.32116e+04   -4.54954e+03   -6.33759e+05    2.98594e+03
      Potential    Kinetic En.   Total Energy  Conserved En.    Temperature
   -5.24334e+05    8.62916e+04   -4.38043e+05   -4.37710e+05    3.01885e+02
 Pres. DC (bar) Pressure (bar)   Constr. rmsd
   -2.24511e+02   -2.28248e+01    2.84040e-06


DD  step 214999  vol min/aver 0.641  load imb.: force  4.0%  pme mesh/force 0.972
           Step           Time
         215000      430.00000

   Energies (kJ/mol)
           Bond          Angle    Proper Dih. Ryckaert-Bell.          LJ-14
    1.43102e+03    3.76311e+03    2.23895e+02    1.69913e+03    2.67741e+03
     Coulomb-14        LJ (SR)  Disper. corr.   Coulomb (SR)   Coul. recip.
    7.72982e+03    9.24018e+04   -4.56770e+03   -6.32339e+05    2.96981e+03
      Potential    Kinetic En.   Total Energy  Conserved En.    Temperature
   -5.24010e+05    8.61556e+04   -4.37855e+05   -4.37666e+05    3.01409e+02
 Pres. DC (bar) Pressure (bar)   Constr. rmsd
   -2.26304e+02   -2.46798e+01    2.83803e-06


DD  step 219999  vol min/aver 0.641  load imb.: force  2.9%  pme mesh/force 0.981
           Step           Time
         220000      440.00000

   Energies (kJ/mol)
           Bond          Angle    Proper Dih. Ryckaert-Bell.          LJ-14
    1.32845e+03    3.55584e+03    2.30731e+02    1.68540e+03    2.70821e+03
     Coulomb-14        LJ (SR)  Disper. corr.   Coulomb (SR)   Coul. recip.
    7.74846e+03    9.35819e+04   -4.55401e+03   -6.34852e+05    2.84025e+03
      Potential    Kinetic En.   Total Energy  Conserved En.    Temperature
   -5.25727e+05    8.49712e+04   -4.40756e+05   -4.37615e+05    2.97265e+02
 Pres. DC (bar) Pressure (bar)   Constr. rmsd
   -2.24951e+02   -4.34038e+01    3.21126e-06


DD  step 224999  vol min/aver 0.647  load imb.: force  5.9%  pme mesh/force 0.926
           Step           Time
         225000      450.00000

   Energies (kJ/mol)
           Bond          Angle    Proper Dih. Ryckaert-Bell.          LJ-14
    1.44249e+03    3.89141e+03    2.28375e+02    1.66014e+03    2.59840e+03
     Coulomb-14        LJ (SR)  Disper. corr.   Coulomb (SR)   Coul. recip.
    7.74344e+03    9.44603e+04   -4.57502e+03   -6.35689e+05    2.97923e+03
      Potential    Kinetic En.   Total Energy  Conserved En.    Temperature
   -5.25260e+05    8.56632e+04   -4.39597e+05   -4.37505e+05    2.99686e+02
 Pres. DC (bar) Pressure (bar)   Constr. rmsd
   -2.27029e+02    5.60476e+01    2.72237e-06


DD  step 229999  vol min/aver 0.652  load imb.: force  4.1%  pme mesh/force 0.989
           Step           Time
         230000      460.00000

   Energies (kJ/mol)
           Bond          Angle    Proper Dih. Ryckaert-Bell.          LJ-14
    1.48068e+03    3.68553e+03    2.34132e+02    1.78459e+03    2.71211e+03
     Coulomb-14        LJ (SR)  Disper. corr.   Coulomb (SR)   Coul. recip.
    7.75942e+03    9.40081e+04   -4.55126e+03   -6.34998e+05    3.00331e+03
      Potential    Kinetic En.   Total Energy  Conserved En.    Temperature
   -5.24882e+05    8.51152e+04   -4.39766e+05   -4.37443e+05    2.97769e+02
 Pres. DC (bar) Pressure (bar)   Constr. rmsd
   -2.24680e+02    1.08517e+02    2.58927e-06


DD  step 234999  vol min/aver 0.689  load imb.: force  4.0%  pme mesh/force 0.979
           Step           Time
         235000      470.00000

   Energies (kJ/mol)
           Bond          Angle    Proper Dih. Ryckaert-Bell.          LJ-14
    1.45713e+03    3.77827e+03    2.56164e+02    1.78444e+03    2.74397e+03
     Coulomb-14        LJ (SR)  Disper. corr.   Coulomb (SR)   Coul. recip.
    7.68296e+03    9.37930e+04   -4.55494e+03   -6.34714e+05    2.92486e+03
      Potential    Kinetic En.   Total Energy  Conserved En.    Temperature
   -5.24849e+05    8.59574e+04   -4.38891e+05   -4.37423e+05    3.00715e+02
 Pres. DC (bar) Pressure (bar)   Constr. rmsd
   -2.25043e+02    1.98017e+02    2.72437e-06


DD  step 239999  vol min/aver 0.710  load imb.: force  4.0%  pme mesh/force 0.991
           Step           Time
         240000      480.00000

   Energies (kJ/mol)
           Bond          Angle    Proper Dih. Ryckaert-Bell.          LJ-14
    1.45560e+03    3.66746e+03    2.41817e+02    1.69429e+03    2.71878e+03
     Coulomb-14        LJ (SR)  Disper. corr.   Coulomb (SR)   Coul. recip.
    7.78644e+03    9.39489e+04   -4.56113e+03   -6.35367e+05    2.87382e+03
      Potential    Kinetic En.   Total Energy  Conserved En.    Temperature
   -5.25541e+05    8.54513e+04   -4.40090e+05   -4.37348e+05    2.98945e+02
 Pres. DC (bar) Pressure (bar)   Constr. rmsd
   -2.25655e+02    9.35852e+01    3.07352e-06


DD  step 244999  vol min/aver 0.641  load imb.: force  3.6%  pme mesh/force 0.983
           Step           Time
         245000      490.00000

   Energies (kJ/mol)
           Bond          Angle    Proper Dih. Ryckaert-Bell.          LJ-14
    1.52127e+03    3.85020e+03    2.60304e+02    1.71800e+03    2.58785e+03
     Coulomb-14        LJ (SR)  Disper. corr.   Coulomb (SR)   Coul. recip.
    7.73921e+03    9.32608e+04   -4.53535e+03   -6.33604e+05    2.89431e+03
      Potential    Kinetic En.   Total Energy  Conserved En.    Temperature
   -5.24308e+05    8.48289e+04   -4.39479e+05   -4.37268e+05    2.96768e+02
 Pres. DC (bar) Pressure (bar)   Constr. rmsd
   -2.23114e+02   -2.10652e+02    2.85816e-06


DD  step 249999  vol min/aver 0.648  load imb.: force  2.8%  pme mesh/force 0.975
           Step           Time
         250000      500.00000

   Energies (kJ/mol)
           Bond          Angle    Proper Dih. Ryckaert-Bell.          LJ-14
    1.42932e+03    3.80511e+03    2.34251e+02    1.71392e+03    2.76781e+03
     Coulomb-14        LJ (SR)  Disper. corr.   Coulomb (SR)   Coul. recip.
    7.87805e+03    9.38073e+04   -4.55340e+03   -6.36201e+05    2.87710e+03
      Potential    Kinetic En.   Total Energy  Conserved En.    Temperature
   -5.26242e+05    8.55946e+04   -4.40647e+05   -4.37205e+05    2.99446e+02
 Pres. DC (bar) Pressure (bar)   Constr. rmsd
   -2.24891e+02   -6.89124e+00    2.65326e-06


step 252000 Turning off dynamic load balancing, because it is degrading performance.
Atom distribution over 36 domains: av 941 stddev 25 min 894 max 1028

DD  step 254999 load imb.: force 10.2%  pme mesh/force 0.959
           Step           Time
         255000      510.00000

   Energies (kJ/mol)
           Bond          Angle    Proper Dih. Ryckaert-Bell.          LJ-14
    1.48171e+03    3.83867e+03    2.78764e+02    1.72103e+03    2.68756e+03
     Coulomb-14        LJ (SR)  Disper. corr.   Coulomb (SR)   Coul. recip.
    7.75917e+03    9.45545e+04   -4.57597e+03   -6.36486e+05    2.93935e+03
      Potential    Kinetic En.   Total Energy  Conserved En.    Temperature
   -5.25801e+05    8.56266e+04   -4.40175e+05   -4.37136e+05    2.99558e+02
 Pres. DC (bar) Pressure (bar)   Constr. rmsd
   -2.27123e+02    1.69465e+02    2.86796e-06


DD  step 259999 load imb.: force 11.9%  pme mesh/force 0.963

step 260000 Turning on dynamic load balancing, because the performance loss due to load imbalance is 3.4 %.
           Step           Time
         260000      520.00000

   Energies (kJ/mol)
           Bond          Angle    Proper Dih. Ryckaert-Bell.          LJ-14
    1.54603e+03    3.74170e+03    2.55745e+02    1.75534e+03    2.62737e+03
     Coulomb-14        LJ (SR)  Disper. corr.   Coulomb (SR)   Coul. recip.
    7.78063e+03    9.34820e+04   -4.57201e+03   -6.35725e+05    2.97506e+03
      Potential    Kinetic En.   Total Energy  Conserved En.    Temperature
   -5.26133e+05    8.56078e+04   -4.40525e+05   -4.37093e+05    2.99492e+02
 Pres. DC (bar) Pressure (bar)   Constr. rmsd
   -2.26731e+02   -7.37048e+01    2.89100e-06


DD  step 264999  vol min/aver 0.664  load imb.: force  4.4%  pme mesh/force 0.986
           Step           Time
         265000      530.00000

   Energies (kJ/mol)
           Bond          Angle    Proper Dih. Ryckaert-Bell.          LJ-14
    1.46086e+03    3.64908e+03    2.38293e+02    1.82660e+03    2.60109e+03
     Coulomb-14        LJ (SR)  Disper. corr.   Coulomb (SR)   Coul. recip.
    7.72543e+03    9.38806e+04   -4.57288e+03   -6.35531e+05    2.93649e+03
      Potential    Kinetic En.   Total Energy  Conserved En.    Temperature
   -5.25785e+05    8.52173e+04   -4.40568e+05   -4.37046e+05    2.98126e+02
 Pres. DC (bar) Pressure (bar)   Constr. rmsd
   -2.26817e+02   -8.20736e+01    2.62802e-06


DD  step 269999  vol min/aver 0.673  load imb.: force  3.3%  pme mesh/force 0.978
           Step           Time
         270000      540.00000

   Energies (kJ/mol)
           Bond          Angle    Proper Dih. Ryckaert-Bell.          LJ-14
    1.52764e+03    3.86346e+03    2.57409e+02    1.79608e+03    2.59478e+03
     Coulomb-14        LJ (SR)  Disper. corr.   Coulomb (SR)   Coul. recip.
    7.68846e+03    9.35776e+04   -4.57226e+03   -6.33239e+05    2.82598e+03
      Potential    Kinetic En.   Total Energy  Conserved En.    Temperature
   -5.23680e+05    8.65863e+04   -4.37094e+05   -4.37029e+05    3.02916e+02
 Pres. DC (bar) Pressure (bar)   Constr. rmsd
   -2.26756e+02    7.34370e+01    3.09697e-06


DD  step 274999  vol min/aver 0.648  load imb.: force  3.7%  pme mesh/force 0.980
           Step           Time
         275000      550.00000

   Energies (kJ/mol)
           Bond          Angle    Proper Dih. Ryckaert-Bell.          LJ-14
    1.54824e+03    3.81379e+03    2.50827e+02    1.64742e+03    2.65746e+03
     Coulomb-14        LJ (SR)  Disper. corr.   Coulomb (SR)   Coul. recip.
    7.85794e+03    9.27265e+04   -4.53961e+03   -6.33201e+05    2.92443e+03
      Potential    Kinetic En.   Total Energy  Conserved En.    Temperature
   -5.24314e+05    8.52866e+04   -4.39027e+05   -4.36955e+05    2.98369e+02
 Pres. DC (bar) Pressure (bar)   Constr. rmsd
   -2.23533e+02   -2.96252e+02    2.72360e-06


DD  step 279999  vol min/aver 0.650  load imb.: force  3.5%  pme mesh/force 0.978
           Step           Time
         280000      560.00000

   Energies (kJ/mol)
           Bond          Angle    Proper Dih. Ryckaert-Bell.          LJ-14
    1.59388e+03    3.96298e+03    2.38767e+02    1.76207e+03    2.65128e+03
     Coulomb-14        LJ (SR)  Disper. corr.   Coulomb (SR)   Coul. recip.
    7.73102e+03    9.33293e+04   -4.53876e+03   -6.33165e+05    2.96016e+03
      Potential    Kinetic En.   Total Energy  Conserved En.    Temperature
   -5.23474e+05    8.62639e+04   -4.37211e+05   -4.36901e+05    3.01788e+02
 Pres. DC (bar) Pressure (bar)   Constr. rmsd
   -2.23450e+02   -1.65364e+01    3.21008e-06


DD  step 284999  vol min/aver 0.590  load imb.: force  4.4%  pme mesh/force 0.977
           Step           Time
         285000      570.00000

   Energies (kJ/mol)
           Bond          Angle    Proper Dih. Ryckaert-Bell.          LJ-14
    1.51890e+03    3.67632e+03    2.65681e+02    1.70462e+03    2.67464e+03
     Coulomb-14        LJ (SR)  Disper. corr.   Coulomb (SR)   Coul. recip.
    7.77777e+03    9.47538e+04   -4.55664e+03   -6.36818e+05    2.95035e+03
      Potential    Kinetic En.   Total Energy  Conserved En.    Temperature
   -5.26053e+05    8.65128e+04   -4.39540e+05   -4.36846e+05    3.02659e+02
 Pres. DC (bar) Pressure (bar)   Constr. rmsd
   -2.25211e+02    6.25340e+00    2.85753e-06


DD  step 289999  vol min/aver 0.673  load imb.: force  3.4%  pme mesh/force 0.981
           Step           Time
         290000      580.00000

   Energies (kJ/mol)
           Bond          Angle    Proper Dih. Ryckaert-Bell.          LJ-14
    1.44453e+03    3.97646e+03    2.28851e+02    1.63134e+03    2.64866e+03
     Coulomb-14        LJ (SR)  Disper. corr.   Coulomb (SR)   Coul. recip.
    7.74020e+03    9.39713e+04   -4.53575e+03   -6.34858e+05    2.96685e+03
      Potential    Kinetic En.   Total Energy  Conserved En.    Temperature
   -5.24786e+05    8.55336e+04   -4.39252e+05   -4.36785e+05    2.99233e+02
 Pres. DC (bar) Pressure (bar)   Constr. rmsd
   -2.23154e+02   -2.17569e+01    3.15670e-06


DD  step 294999  vol min/aver 0.658  load imb.: force  3.8%  pme mesh/force 0.983
           Step           Time
         295000      590.00000

   Energies (kJ/mol)
           Bond          Angle    Proper Dih. Ryckaert-Bell.          LJ-14
    1.42081e+03    3.77878e+03    2.41450e+02    1.72941e+03    2.61169e+03
     Coulomb-14        LJ (SR)  Disper. corr.   Coulomb (SR)   Coul. recip.
    7.72011e+03    9.38801e+04   -4.56819e+03   -6.36030e+05    2.93032e+03
      Potential    Kinetic En.   Total Energy  Conserved En.    Temperature
   -5.26286e+05    8.62894e+04   -4.39996e+05   -4.36733e+05    3.01877e+02
 Pres. DC (bar) Pressure (bar)   Constr. rmsd
   -2.26353e+02    1.45240e+01    2.87980e-06


DD  step 299999  vol min/aver 0.686  load imb.: force  8.2%  pme mesh/force 0.829
           Step           Time
         300000      600.00000

   Energies (kJ/mol)
           Bond          Angle    Proper Dih. Ryckaert-Bell.          LJ-14
    1.46002e+03    3.68458e+03    2.57851e+02    1.73410e+03    2.65006e+03
     Coulomb-14        LJ (SR)  Disper. corr.   Coulomb (SR)   Coul. recip.
    7.76542e+03    9.37377e+04   -4.54512e+03   -6.34058e+05    2.89309e+03
      Potential    Kinetic En.   Total Energy  Conserved En.    Temperature
   -5.24421e+05    8.65477e+04   -4.37873e+05   -4.36711e+05    3.02781e+02
 Pres. DC (bar) Pressure (bar)   Constr. rmsd
   -2.24075e+02    3.56087e+01    3.06348e-06


DD  step 304999  vol min/aver 0.644  load imb.: force  3.6%  pme mesh/force 0.976
           Step           Time
         305000      610.00000

   Energies (kJ/mol)
           Bond          Angle    Proper Dih. Ryckaert-Bell.          LJ-14
    1.57029e+03    3.81382e+03    2.37217e+02    1.78661e+03    2.63794e+03
     Coulomb-14        LJ (SR)  Disper. corr.   Coulomb (SR)   Coul. recip.
    7.74455e+03    9.21872e+04   -4.54052e+03   -6.31969e+05    2.91475e+03
      Potential    Kinetic En.   Total Energy  Conserved En.    Temperature
   -5.23617e+05    8.58390e+04   -4.37778e+05   -4.36631e+05    3.00301e+02
 Pres. DC (bar) Pressure (bar)   Constr. rmsd
   -2.23623e+02   -2.89448e+02    2.69933e-06


DD  step 309999  vol min/aver 0.665  load imb.: force  4.8%  pme mesh/force 0.984
           Step           Time
         310000      620.00000

   Energies (kJ/mol)
           Bond          Angle    Proper Dih. Ryckaert-Bell.          LJ-14
    1.42374e+03    3.86359e+03    2.35604e+02    1.79428e+03    2.63573e+03
     Coulomb-14        LJ (SR)  Disper. corr.   Coulomb (SR)   Coul. recip.
    7.80197e+03    9.29711e+04   -4.55543e+03   -6.33725e+05    2.91831e+03
      Potential    Kinetic En.   Total Energy  Conserved En.    Temperature
   -5.24636e+05    8.54496e+04   -4.39186e+05   -4.36573e+05    2.98939e+02
 Pres. DC (bar) Pressure (bar)   Constr. rmsd
   -2.25092e+02   -4.06648e+01    2.92434e-06


DD  step 314999  vol min/aver 0.686  load imb.: force  4.2%  pme mesh/force 0.969
           Step           Time
         315000      630.00000

   Energies (kJ/mol)
           Bond          Angle    Proper Dih. Ryckaert-Bell.          LJ-14
    1.46377e+03    3.67713e+03    2.53137e+02    1.75216e+03    2.69112e+03
     Coulomb-14        LJ (SR)  Disper. corr.   Coulomb (SR)   Coul. recip.
    7.80283e+03    9.36758e+04   -4.55256e+03   -6.34065e+05    2.83187e+03
      Potential    Kinetic En.   Total Energy  Conserved En.    Temperature
   -5.24469e+05    8.53308e+04   -4.39139e+05   -4.36537e+05    2.98523e+02
 Pres. DC (bar) Pressure (bar)   Constr. rmsd
   -2.24808e+02    7.62519e+01    2.49013e-06


DD  step 319999  vol min/aver 0.658  load imb.: force  3.6%  pme mesh/force 0.982
           Step           Time
         320000      640.00000

   Energies (kJ/mol)
           Bond          Angle    Proper Dih. Ryckaert-Bell.          LJ-14
    1.58517e+03    3.74292e+03    3.02715e+02    1.70721e+03    2.62202e+03
     Coulomb-14        LJ (SR)  Disper. corr.   Coulomb (SR)   Coul. recip.
    7.73349e+03    9.40456e+04   -4.56335e+03   -6.34692e+05    2.89933e+03
      Potential    Kinetic En.   Total Energy  Conserved En.    Temperature
   -5.24617e+05    8.57291e+04   -4.38888e+05   -4.36461e+05    2.99917e+02
 Pres. DC (bar) Pressure (bar)   Constr. rmsd
   -2.25875e+02   -6.21285e+01    3.14210e-06


DD  step 324999  vol min/aver 0.637  load imb.: force  3.7%  pme mesh/force 0.986
           Step           Time
         325000      650.00000

   Energies (kJ/mol)
           Bond          Angle    Proper Dih. Ryckaert-Bell.          LJ-14
    1.47240e+03    3.57080e+03    2.41511e+02    1.73003e+03    2.62257e+03
     Coulomb-14        LJ (SR)  Disper. corr.   Coulomb (SR)   Coul. recip.
    7.79400e+03    9.22272e+04   -4.54342e+03   -6.34170e+05    3.01751e+03
      Potential    Kinetic En.   Total Energy  Conserved En.    Temperature
   -5.26038e+05    8.51182e+04   -4.40919e+05   -4.36419e+05    2.97780e+02
 Pres. DC (bar) Pressure (bar)   Constr. rmsd
   -2.23908e+02   -4.79823e+02    2.98371e-06


DD  step 329999  vol min/aver 0.675  load imb.: force  2.5%  pme mesh/force 0.971
           Step           Time
         330000      660.00000

   Energies (kJ/mol)
           Bond          Angle    Proper Dih. Ryckaert-Bell.          LJ-14
    1.49687e+03    3.67912e+03    2.42794e+02    1.72533e+03    2.74627e+03
     Coulomb-14        LJ (SR)  Disper. corr.   Coulomb (SR)   Coul. recip.
    7.87770e+03    9.36510e+04   -4.54935e+03   -6.33812e+05    2.93798e+03
      Potential    Kinetic En.   Total Energy  Conserved En.    Temperature
   -5.24004e+05    8.65106e+04   -4.37494e+05   -4.36372e+05    3.02651e+02
 Pres. DC (bar) Pressure (bar)   Constr. rmsd
   -2.24492e+02    2.17265e+02    2.79866e-06


DD  step 334999  vol min/aver 0.633  load imb.: force  2.7%  pme mesh/force 0.977
           Step           Time
         335000      670.00000

   Energies (kJ/mol)
           Bond          Angle    Proper Dih. Ryckaert-Bell.          LJ-14
    1.44487e+03    3.59224e+03    2.61354e+02    1.82231e+03    2.72460e+03
     Coulomb-14        LJ (SR)  Disper. corr.   Coulomb (SR)   Coul. recip.
    7.87689e+03    9.38808e+04   -4.56020e+03   -6.34994e+05    2.93455e+03
      Potential    Kinetic En.   Total Energy  Conserved En.    Temperature
   -5.25016e+05    8.61872e+04   -4.38829e+05   -4.36298e+05    3.01520e+02
 Pres. DC (bar) Pressure (bar)   Constr. rmsd
   -2.25563e+02    6.08453e+01    2.89330e-06


DD  step 339999  vol min/aver 0.663  load imb.: force  3.5%  pme mesh/force 0.983
           Step           Time
         340000      680.00000

   Energies (kJ/mol)
           Bond          Angle    Proper Dih. Ryckaert-Bell.          LJ-14
    1.49229e+03    3.75181e+03    2.30774e+02    1.78956e+03    2.65934e+03
     Coulomb-14        LJ (SR)  Disper. corr.   Coulomb (SR)   Coul. recip.
    7.79421e+03    9.49851e+04   -4.57049e+03   -6.36814e+05    2.87931e+03
      Potential    Kinetic En.   Total Energy  Conserved En.    Temperature
   -5.25802e+05    8.68237e+04   -4.38979e+05   -4.36236e+05    3.03746e+02
 Pres. DC (bar) Pressure (bar)   Constr. rmsd
   -2.26580e+02    1.21278e+02    2.70129e-06


DD  step 344999  vol min/aver 0.696  load imb.: force  3.9%  pme mesh/force 0.987
           Step           Time
         345000      690.00000

   Energies (kJ/mol)
           Bond          Angle    Proper Dih. Ryckaert-Bell.          LJ-14
    1.53040e+03    3.72666e+03    2.40758e+02    1.73206e+03    2.63247e+03
     Coulomb-14        LJ (SR)  Disper. corr.   Coulomb (SR)   Coul. recip.
    7.73439e+03    9.33936e+04   -4.56552e+03   -6.35023e+05    2.86072e+03
      Potential    Kinetic En.   Total Energy  Conserved En.    Temperature
   -5.25738e+05    8.60521e+04   -4.39686e+05   -4.36174e+05    3.01047e+02
 Pres. DC (bar) Pressure (bar)   Constr. rmsd
   -2.26089e+02   -6.81838e+01    3.29828e-06


DD  step 349999  vol min/aver 0.657  load imb.: force  3.0%  pme mesh/force 0.981
           Step           Time
         350000      700.00000

   Energies (kJ/mol)
           Bond          Angle    Proper Dih. Ryckaert-Bell.          LJ-14
    1.41177e+03    3.73412e+03    2.40558e+02    1.69801e+03    2.67444e+03
     Coulomb-14        LJ (SR)  Disper. corr.   Coulomb (SR)   Coul. recip.
    7.79955e+03    9.32783e+04   -4.55557e+03   -6.33774e+05    2.82883e+03
      Potential    Kinetic En.   Total Energy  Conserved En.    Temperature
   -5.24664e+05    8.55013e+04   -4.39163e+05   -4.36135e+05    2.99120e+02
 Pres. DC (bar) Pressure (bar)   Constr. rmsd
   -2.25105e+02    5.49942e+01    2.89708e-06


DD  step 354999  vol min/aver 0.676  load imb.: force  3.5%  pme mesh/force 0.979
           Step           Time
         355000      710.00000

   Energies (kJ/mol)
           Bond          Angle    Proper Dih. Ryckaert-Bell.          LJ-14
    1.41717e+03    3.73594e+03    2.41211e+02    1.75127e+03    2.69662e+03
     Coulomb-14        LJ (SR)  Disper. corr.   Coulomb (SR)   Coul. recip.
    7.80150e+03    9.43635e+04   -4.56680e+03   -6.36126e+05    2.95301e+03
      Potential    Kinetic En.   Total Energy  Conserved En.    Temperature
   -5.25733e+05    8.56012e+04   -4.40132e+05   -4.36058e+05    2.99469e+02
 Pres. DC (bar) Pressure (bar)   Constr. rmsd
   -2.26216e+02    1.13931e+02    3.00341e-06


DD  step 359999  vol min/aver 0.652  load imb.: force  5.5%  pme mesh/force 0.967
           Step           Time
         360000      720.00000

   Energies (kJ/mol)
           Bond          Angle    Proper Dih. Ryckaert-Bell.          LJ-14
    1.48740e+03    3.68417e+03    2.23042e+02    1.76499e+03    2.69792e+03
     Coulomb-14        LJ (SR)  Disper. corr.   Coulomb (SR)   Coul. recip.
    7.84777e+03    9.35581e+04   -4.54695e+03   -6.34573e+05    3.00008e+03
      Potential    Kinetic En.   Total Energy  Conserved En.    Temperature
   -5.24857e+05    8.49403e+04   -4.39916e+05   -4.36006e+05    2.97157e+02
 Pres. DC (bar) Pressure (bar)   Constr. rmsd
   -2.24256e+02   -1.65173e+02    3.16189e-06


DD  step 364999  vol min/aver 0.642  load imb.: force  2.9%  pme mesh/force 0.980
           Step           Time
         365000      730.00000

   Energies (kJ/mol)
           Bond          Angle    Proper Dih. Ryckaert-Bell.          LJ-14
    1.45660e+03    3.80999e+03    2.44562e+02    1.79057e+03    2.62401e+03
     Coulomb-14        LJ (SR)  Disper. corr.   Coulomb (SR)   Coul. recip.
    7.82409e+03    9.29940e+04   -4.54287e+03   -6.32356e+05    3.00601e+03
      Potential    Kinetic En.   Total Energy  Conserved En.    Temperature
   -5.23149e+05    8.56827e+04   -4.37466e+05   -4.35959e+05    2.99755e+02
 Pres. DC (bar) Pressure (bar)   Constr. rmsd
   -2.23854e+02   -3.28512e+01    3.01391e-06


DD  step 369999  vol min/aver 0.705  load imb.: force  6.7%  pme mesh/force 0.982
           Step           Time
         370000      740.00000

   Energies (kJ/mol)
           Bond          Angle    Proper Dih. Ryckaert-Bell.          LJ-14
    1.47787e+03    3.65142e+03    2.54324e+02    1.77126e+03    2.57086e+03
     Coulomb-14        LJ (SR)  Disper. corr.   Coulomb (SR)   Coul. recip.
    7.78849e+03    9.35803e+04   -4.54353e+03   -6.35088e+05    2.81760e+03
      Potential    Kinetic En.   Total Energy  Conserved En.    Temperature
   -5.25719e+05    8.63025e+04   -4.39417e+05   -4.35922e+05    3.01923e+02
 Pres. DC (bar) Pressure (bar)   Constr. rmsd
   -2.23919e+02   -2.26981e+02    3.14444e-06


DD  step 374999  vol min/aver 0.669  load imb.: force  4.6%  pme mesh/force 0.974
           Step           Time
         375000      750.00000

   Energies (kJ/mol)
           Bond          Angle    Proper Dih. Ryckaert-Bell.          LJ-14
    1.45538e+03    3.66928e+03    2.66280e+02    1.73798e+03    2.75358e+03
     Coulomb-14        LJ (SR)  Disper. corr.   Coulomb (SR)   Coul. recip.
    7.86731e+03    9.38481e+04   -4.56560e+03   -6.34379e+05    2.98171e+03
      Potential    Kinetic En.   Total Energy  Conserved En.    Temperature
   -5.24366e+05    8.56948e+04   -4.38671e+05   -4.35850e+05    2.99797e+02
 Pres. DC (bar) Pressure (bar)   Constr. rmsd
   -2.26097e+02    2.03379e+02    2.89461e-06


DD  step 379999  vol min/aver 0.673  load imb.: force  2.8%  pme mesh/force 0.975
           Step           Time
         380000      760.00000

   Energies (kJ/mol)
           Bond          Angle    Proper Dih. Ryckaert-Bell.          LJ-14
    1.49883e+03    3.76358e+03    2.78617e+02    1.72619e+03    2.73052e+03
     Coulomb-14        LJ (SR)  Disper. corr.   Coulomb (SR)   Coul. recip.
    7.81274e+03    9.38882e+04   -4.54095e+03   -6.34356e+05    3.04429e+03
      Potential    Kinetic En.   Total Energy  Conserved En.    Temperature
   -5.24154e+05    8.56116e+04   -4.38542e+05   -4.35789e+05    2.99506e+02
 Pres. DC (bar) Pressure (bar)   Constr. rmsd
   -2.23664e+02    8.49296e+01    2.96658e-06


DD  step 384999  vol min/aver 0.670  load imb.: force  3.8%  pme mesh/force 0.982
           Step           Time
         385000      770.00000

   Energies (kJ/mol)
           Bond          Angle    Proper Dih. Ryckaert-Bell.          LJ-14
    1.53196e+03    3.91933e+03    2.75430e+02    1.77947e+03    2.64227e+03
     Coulomb-14        LJ (SR)  Disper. corr.   Coulomb (SR)   Coul. recip.
    7.77474e+03    9.17555e+04   -4.55626e+03   -6.30962e+05    2.90121e+03
      Potential    Kinetic En.   Total Energy  Conserved En.    Temperature
   -5.22938e+05    8.58674e+04   -4.37071e+05   -4.35749e+05    3.00401e+02
 Pres. DC (bar) Pressure (bar)   Constr. rmsd
   -2.25173e+02   -2.82875e+02    2.81112e-06


DD  step 389999  vol min/aver 0.663  load imb.: force  4.2%  pme mesh/force 0.989
           Step           Time
         390000      780.00000

   Energies (kJ/mol)
           Bond          Angle    Proper Dih. Ryckaert-Bell.          LJ-14
    1.48720e+03    3.79356e+03    2.31368e+02    1.76149e+03    2.61879e+03
     Coulomb-14        LJ (SR)  Disper. corr.   Coulomb (SR)   Coul. recip.
    7.84491e+03    9.30743e+04   -4.56022e+03   -6.34513e+05    2.89842e+03
      Potential    Kinetic En.   Total Energy  Conserved En.    Temperature
   -5.25364e+05    8.61867e+04   -4.39177e+05   -4.35693e+05    3.01518e+02
 Pres. DC (bar) Pressure (bar)   Constr. rmsd
   -2.25565e+02   -1.79205e+02    3.04805e-06


DD  step 394999  vol min/aver 0.671  load imb.: force  2.6%  pme mesh/force 0.969
           Step           Time
         395000      790.00000

   Energies (kJ/mol)
           Bond          Angle    Proper Dih. Ryckaert-Bell.          LJ-14
    1.45707e+03    3.70081e+03    2.67263e+02    1.75790e+03    2.69774e+03
     Coulomb-14        LJ (SR)  Disper. corr.   Coulomb (SR)   Coul. recip.
    7.76150e+03    9.33542e+04   -4.54864e+03   -6.35540e+05    2.93049e+03
      Potential    Kinetic En.   Total Energy  Conserved En.    Temperature
   -5.26162e+05    8.63212e+04   -4.39841e+05   -4.35662e+05    3.01988e+02
 Pres. DC (bar) Pressure (bar)   Constr. rmsd
   -2.24422e+02   -1.12300e+02    2.75416e-06


DD  step 399999  vol min/aver 0.648  load imb.: force  3.1%  pme mesh/force 0.985
           Step           Time
         400000      800.00000

   Energies (kJ/mol)
           Bond          Angle    Proper Dih. Ryckaert-Bell.          LJ-14
    1.36934e+03    3.66423e+03    2.48475e+02    1.75622e+03    2.76677e+03
     Coulomb-14        LJ (SR)  Disper. corr.   Coulomb (SR)   Coul. recip.
    7.84014e+03    9.30974e+04   -4.55759e+03   -6.34193e+05    2.94793e+03
      Potential    Kinetic En.   Total Energy  Conserved En.    Temperature
   -5.25060e+05    8.46516e+04   -4.40409e+05   -4.35568e+05    2.96147e+02
 Pres. DC (bar) Pressure (bar)   Constr. rmsd
   -2.25305e+02   -6.92805e+01    2.90841e-06


DD  step 404999  vol min/aver 0.638  load imb.: force  3.8%  pme mesh/force 0.986
           Step           Time
         405000      810.00000

   Energies (kJ/mol)
           Bond          Angle    Proper Dih. Ryckaert-Bell.          LJ-14
    1.44340e+03    3.78133e+03    2.32064e+02    1.74237e+03    2.66220e+03
     Coulomb-14        LJ (SR)  Disper. corr.   Coulomb (SR)   Coul. recip.
    7.88684e+03    9.31483e+04   -4.54959e+03   -6.33896e+05    2.89307e+03
      Potential    Kinetic En.   Total Energy  Conserved En.    Temperature
   -5.24656e+05    8.52065e+04   -4.39450e+05   -4.35537e+05    2.98089e+02
 Pres. DC (bar) Pressure (bar)   Constr. rmsd
   -2.24515e+02   -1.37295e+02    2.93241e-06


DD  step 409999  vol min/aver 0.654  load imb.: force  3.3%  pme mesh/force 0.977
           Step           Time
         410000      820.00000

   Energies (kJ/mol)
           Bond          Angle    Proper Dih. Ryckaert-Bell.          LJ-14
    1.40792e+03    3.80705e+03    2.53811e+02    1.83656e+03    2.67075e+03
     Coulomb-14        LJ (SR)  Disper. corr.   Coulomb (SR)   Coul. recip.
    7.87271e+03    9.39255e+04   -4.54091e+03   -6.34898e+05    2.89448e+03
      Potential    Kinetic En.   Total Energy  Conserved En.    Temperature
   -5.24770e+05    8.55892e+04   -4.39181e+05   -4.35464e+05    2.99428e+02
 Pres. DC (bar) Pressure (bar)   Constr. rmsd
   -2.23660e+02   -7.12685e+00    2.62482e-06


DD  step 414999  vol min/aver 0.654  load imb.: force  3.7%  pme mesh/force 0.963
           Step           Time
         415000      830.00000

   Energies (kJ/mol)
           Bond          Angle    Proper Dih. Ryckaert-Bell.          LJ-14
    1.53232e+03    3.65666e+03    2.66482e+02    1.64926e+03    2.75123e+03
     Coulomb-14        LJ (SR)  Disper. corr.   Coulomb (SR)   Coul. recip.
    7.77665e+03    9.49810e+04   -4.57284e+03   -6.35277e+05    2.97531e+03
      Potential    Kinetic En.   Total Energy  Conserved En.    Temperature
   -5.24261e+05    8.57617e+04   -4.38499e+05   -4.35414e+05    3.00031e+02
 Pres. DC (bar) Pressure (bar)   Constr. rmsd
   -2.26814e+02    3.40494e+02    3.32584e-06


DD  step 419999  vol min/aver 0.662  load imb.: force  3.7%  pme mesh/force 0.979
           Step           Time
         420000      840.00000

   Energies (kJ/mol)
           Bond          Angle    Proper Dih. Ryckaert-Bell.          LJ-14
    1.51173e+03    3.59910e+03    2.78187e+02    1.74401e+03    2.67809e+03
     Coulomb-14        LJ (SR)  Disper. corr.   Coulomb (SR)   Coul. recip.
    7.78573e+03    9.31494e+04   -4.55631e+03   -6.33729e+05    2.96711e+03
      Potential    Kinetic En.   Total Energy  Conserved En.    Temperature
   -5.24572e+05    8.54411e+04   -4.39131e+05   -4.35362e+05    2.98909e+02
 Pres. DC (bar) Pressure (bar)   Constr. rmsd
   -2.25179e+02   -9.65870e+01    2.74262e-06


DD  step 424999  vol min/aver 0.635  load imb.: force  3.5%  pme mesh/force 0.981
           Step           Time
         425000      850.00000

   Energies (kJ/mol)
           Bond          Angle    Proper Dih. Ryckaert-Bell.          LJ-14
    1.42387e+03    3.65149e+03    2.85051e+02    1.69251e+03    2.62976e+03
     Coulomb-14        LJ (SR)  Disper. corr.   Coulomb (SR)   Coul. recip.
    7.82581e+03    9.43483e+04   -4.54368e+03   -6.36392e+05    2.93687e+03
      Potential    Kinetic En.   Total Energy  Conserved En.    Temperature
   -5.26142e+05    8.53540e+04   -4.40788e+05   -4.35326e+05    2.98604e+02
 Pres. DC (bar) Pressure (bar)   Constr. rmsd
   -2.23933e+02   -1.07990e+00    2.96277e-06


DD  step 429999  vol min/aver 0.635  load imb.: force  4.3%  pme mesh/force 0.968
           Step           Time
         430000      860.00000

   Energies (kJ/mol)
           Bond          Angle    Proper Dih. Ryckaert-Bell.          LJ-14
    1.48951e+03    3.88210e+03    2.42554e+02    1.62916e+03    2.67381e+03
     Coulomb-14        LJ (SR)  Disper. corr.   Coulomb (SR)   Coul. recip.
    7.76015e+03    9.37166e+04   -4.56719e+03   -6.35013e+05    2.88733e+03
      Potential    Kinetic En.   Total Energy  Conserved En.    Temperature
   -5.25299e+05    8.52963e+04   -4.40002e+05   -4.35254e+05    2.98403e+02
 Pres. DC (bar) Pressure (bar)   Constr. rmsd
   -2.26254e+02   -9.68738e+00    2.62780e-06


DD  step 434999  vol min/aver 0.653  load imb.: force  3.7%  pme mesh/force 0.993
           Step           Time
         435000      870.00000

   Energies (kJ/mol)
           Bond          Angle    Proper Dih. Ryckaert-Bell.          LJ-14
    1.43251e+03    3.85090e+03    2.57033e+02    1.70469e+03    2.72367e+03
     Coulomb-14        LJ (SR)  Disper. corr.   Coulomb (SR)   Coul. recip.
    7.85661e+03    9.34680e+04   -4.55401e+03   -6.33787e+05    2.93694e+03
      Potential    Kinetic En.   Total Energy  Conserved En.    Temperature
   -5.24111e+05    8.58788e+04   -4.38232e+05   -4.35236e+05    3.00441e+02
 Pres. DC (bar) Pressure (bar)   Constr. rmsd
   -2.24952e+02   -5.07364e+00    2.53010e-06


DD  step 439999  vol min/aver 0.665  load imb.: force  4.6%  pme mesh/force 0.977
           Step           Time
         440000      880.00000

   Energies (kJ/mol)
           Bond          Angle    Proper Dih. Ryckaert-Bell.          LJ-14
    1.53513e+03    3.76391e+03    2.44932e+02    1.68895e+03    2.64670e+03
     Coulomb-14        LJ (SR)  Disper. corr.   Coulomb (SR)   Coul. recip.
    7.68445e+03    9.44252e+04   -4.55455e+03   -6.34657e+05    2.89517e+03
      Potential    Kinetic En.   Total Energy  Conserved En.    Temperature
   -5.24328e+05    8.50469e+04   -4.39281e+05   -4.35155e+05    2.97530e+02
 Pres. DC (bar) Pressure (bar)   Constr. rmsd
   -2.25005e+02    1.24747e+02    2.87823e-06


DD  step 444999  vol min/aver 0.652  load imb.: force  4.3%  pme mesh/force 1.003
           Step           Time
         445000      890.00000

   Energies (kJ/mol)
           Bond          Angle    Proper Dih. Ryckaert-Bell.          LJ-14
    1.50453e+03    3.62227e+03    2.36593e+02    1.74269e+03    2.73106e+03
     Coulomb-14        LJ (SR)  Disper. corr.   Coulomb (SR)   Coul. recip.
    7.81564e+03    9.30178e+04   -4.55465e+03   -6.33609e+05    2.96983e+03
      Potential    Kinetic En.   Total Energy  Conserved En.    Temperature
   -5.24524e+05    8.63825e+04   -4.38141e+05   -4.35116e+05    3.02203e+02
 Pres. DC (bar) Pressure (bar)   Constr. rmsd
   -2.25015e+02   -5.33302e+01    3.05060e-06


DD  step 449999  vol min/aver 0.674  load imb.: force  3.3%  pme mesh/force 0.990
           Step           Time
         450000      900.00000

   Energies (kJ/mol)
           Bond          Angle    Proper Dih. Ryckaert-Bell.          LJ-14
    1.40714e+03    3.82219e+03    2.32455e+02    1.66049e+03    2.64187e+03
     Coulomb-14        LJ (SR)  Disper. corr.   Coulomb (SR)   Coul. recip.
    7.72927e+03    9.38849e+04   -4.56578e+03   -6.34559e+05    2.97322e+03
      Potential    Kinetic En.   Total Energy  Conserved En.    Temperature
   -5.24773e+05    8.62068e+04   -4.38566e+05   -4.35052e+05    3.01588e+02
 Pres. DC (bar) Pressure (bar)   Constr. rmsd
   -2.26115e+02    1.74595e+02    3.03375e-06


DD  step 454999  vol min/aver 0.654  load imb.: force  3.2%  pme mesh/force 0.992
           Step           Time
         455000      910.00000

   Energies (kJ/mol)
           Bond          Angle    Proper Dih. Ryckaert-Bell.          LJ-14
    1.44667e+03    3.61716e+03    2.60652e+02    1.74723e+03    2.59597e+03
     Coulomb-14        LJ (SR)  Disper. corr.   Coulomb (SR)   Coul. recip.
    7.76934e+03    9.37293e+04   -4.54551e+03   -6.34138e+05    2.97490e+03
      Potential    Kinetic En.   Total Energy  Conserved En.    Temperature
   -5.24542e+05    8.61953e+04   -4.38346e+05   -4.35006e+05    3.01548e+02
 Pres. DC (bar) Pressure (bar)   Constr. rmsd
   -2.24114e+02    5.51294e+00    2.84944e-06


DD  step 459999  vol min/aver 0.675  load imb.: force  2.6%  pme mesh/force 0.979
           Step           Time
         460000      920.00000

   Energies (kJ/mol)
           Bond          Angle    Proper Dih. Ryckaert-Bell.          LJ-14
    1.46266e+03    3.72625e+03    2.60855e+02    1.70966e+03    2.70595e+03
     Coulomb-14        LJ (SR)  Disper. corr.   Coulomb (SR)   Coul. recip.
    7.88497e+03    9.36125e+04   -4.55446e+03   -6.35239e+05    2.97461e+03
      Potential    Kinetic En.   Total Energy  Conserved En.    Temperature
   -5.25456e+05    8.59698e+04   -4.39487e+05   -4.34932e+05    3.00759e+02
 Pres. DC (bar) Pressure (bar)   Constr. rmsd
   -2.24996e+02   -2.97486e+01    2.95576e-06


DD  step 464999  vol min/aver 0.651  load imb.: force  2.3%  pme mesh/force 0.976
           Step           Time
         465000      930.00000

   Energies (kJ/mol)
           Bond          Angle    Proper Dih. Ryckaert-Bell.          LJ-14
    1.47020e+03    3.78317e+03    2.62961e+02    1.72204e+03    2.63034e+03
     Coulomb-14        LJ (SR)  Disper. corr.   Coulomb (SR)   Coul. recip.
    7.76174e+03    9.30956e+04   -4.56009e+03   -6.33896e+05    2.96913e+03
      Potential    Kinetic En.   Total Energy  Conserved En.    Temperature
   -5.24761e+05    8.52005e+04   -4.39560e+05   -4.34867e+05    2.98067e+02
 Pres. DC (bar) Pressure (bar)   Constr. rmsd
   -2.25552e+02    2.50525e+01    2.56719e-06


DD  step 469999  vol min/aver 0.664  load imb.: force  3.9%  pme mesh/force 0.983
           Step           Time
         470000      940.00000

   Energies (kJ/mol)
           Bond          Angle    Proper Dih. Ryckaert-Bell.          LJ-14
    1.46876e+03    3.73219e+03    2.56446e+02    1.59384e+03    2.67330e+03
     Coulomb-14        LJ (SR)  Disper. corr.   Coulomb (SR)   Coul. recip.
    7.80373e+03    9.29620e+04   -4.53882e+03   -6.33729e+05    2.90793e+03
      Potential    Kinetic En.   Total Energy  Conserved En.    Temperature
   -5.24870e+05    8.53874e+04   -4.39482e+05   -4.34812e+05    2.98721e+02
 Pres. DC (bar) Pressure (bar)   Constr. rmsd
   -2.23455e+02   -2.37646e+02    3.16151e-06


DD  step 474999  vol min/aver 0.670  load imb.: force  3.4%  pme mesh/force 0.989
           Step           Time
         475000      950.00000

   Energies (kJ/mol)
           Bond          Angle    Proper Dih. Ryckaert-Bell.          LJ-14
    1.48389e+03    3.59773e+03    2.69386e+02    1.73333e+03    2.61701e+03
     Coulomb-14        LJ (SR)  Disper. corr.   Coulomb (SR)   Coul. recip.
    7.76847e+03    9.34602e+04   -4.55794e+03   -6.34649e+05    2.97797e+03
      Potential    Kinetic En.   Total Energy  Conserved En.    Temperature
   -5.25298e+05    8.58159e+04   -4.39483e+05   -4.34752e+05    3.00220e+02
 Pres. DC (bar) Pressure (bar)   Constr. rmsd
   -2.25340e+02   -1.87783e+02    2.64972e-06


DD  step 479999  vol min/aver 0.683  load imb.: force  4.2%  pme mesh/force 0.975
           Step           Time
         480000      960.00000

   Energies (kJ/mol)
           Bond          Angle    Proper Dih. Ryckaert-Bell.          LJ-14
    1.44091e+03    3.79714e+03    2.46680e+02    1.77332e+03    2.71915e+03
     Coulomb-14        LJ (SR)  Disper. corr.   Coulomb (SR)   Coul. recip.
    7.85484e+03    9.33997e+04   -4.56653e+03   -6.34030e+05    2.99104e+03
      Potential    Kinetic En.   Total Energy  Conserved En.    Temperature
   -5.24374e+05    8.57936e+04   -4.38580e+05   -4.34716e+05    3.00142e+02
 Pres. DC (bar) Pressure (bar)   Constr. rmsd
   -2.26189e+02   -2.15773e+00    2.66856e-06


DD  step 484999  vol min/aver 0.692  load imb.: force  4.1%  pme mesh/force 0.982
           Step           Time
         485000      970.00000

   Energies (kJ/mol)
           Bond          Angle    Proper Dih. Ryckaert-Bell.          LJ-14
    1.46093e+03    3.76238e+03    2.36419e+02    1.68358e+03    2.67820e+03
     Coulomb-14        LJ (SR)  Disper. corr.   Coulomb (SR)   Coul. recip.
    7.82187e+03    9.39091e+04   -4.54812e+03   -6.35331e+05    2.89957e+03
      Potential    Kinetic En.   Total Energy  Conserved En.    Temperature
   -5.25428e+05    8.51458e+04   -4.40282e+05   -4.34629e+05    2.97876e+02
 Pres. DC (bar) Pressure (bar)   Constr. rmsd
   -2.24371e+02   -3.65867e+01    2.63939e-06


DD  step 489999  vol min/aver 0.677  load imb.: force  3.9%  pme mesh/force 0.980
           Step           Time
         490000      980.00000

   Energies (kJ/mol)
           Bond          Angle    Proper Dih. Ryckaert-Bell.          LJ-14
    1.47182e+03    3.80711e+03    2.51587e+02    1.77830e+03    2.74502e+03
     Coulomb-14        LJ (SR)  Disper. corr.   Coulomb (SR)   Coul. recip.
    7.82038e+03    9.46024e+04   -4.57719e+03   -6.36116e+05    2.95236e+03
      Potential    Kinetic En.   Total Energy  Conserved En.    Temperature
   -5.25264e+05    8.63227e+04   -4.38942e+05   -4.34603e+05    3.01994e+02
 Pres. DC (bar) Pressure (bar)   Constr. rmsd
   -2.27245e+02    3.11980e+02    3.10498e-06


DD  step 494999  vol min/aver 0.705  load imb.: force  4.0%  pme mesh/force 0.981
           Step           Time
         495000      990.00000

   Energies (kJ/mol)
           Bond          Angle    Proper Dih. Ryckaert-Bell.          LJ-14
    1.48134e+03    3.70707e+03    2.31341e+02    1.75838e+03    2.63679e+03
     Coulomb-14        LJ (SR)  Disper. corr.   Coulomb (SR)   Coul. recip.
    7.76444e+03    9.36234e+04   -4.56713e+03   -6.35136e+05    3.10684e+03
      Potential    Kinetic En.   Total Energy  Conserved En.    Temperature
   -5.25394e+05    8.59083e+04   -4.39486e+05   -4.34531e+05    3.00544e+02
 Pres. DC (bar) Pressure (bar)   Constr. rmsd
   -2.26248e+02   -6.83484e+01    2.78646e-06


DD  step 499999  vol min/aver 0.675  load imb.: force  3.0%  pme mesh/force 0.973
           Step           Time
         500000     1000.00000

Writing checkpoint, step 500000 at Tue Sep 27 16:31:15 2022


   Energies (kJ/mol)
           Bond          Angle    Proper Dih. Ryckaert-Bell.          LJ-14
    1.57358e+03    3.73276e+03    2.57664e+02    1.72825e+03    2.55659e+03
     Coulomb-14        LJ (SR)  Disper. corr.   Coulomb (SR)   Coul. recip.
    7.65269e+03    9.37506e+04   -4.57206e+03   -6.35115e+05    2.84786e+03
      Potential    Kinetic En.   Total Energy  Conserved En.    Temperature
   -5.25588e+05    8.59816e+04   -4.39606e+05   -4.34503e+05    3.00800e+02
 Pres. DC (bar) Pressure (bar)   Constr. rmsd
   -2.26737e+02   -9.45633e-01    2.92437e-06


	<======  ###############  ==>
	<====  A V E R A G E S  ====>
	<==  ###############  ======>

	Statistics over 500001 steps using 5001 frames

   Energies (kJ/mol)
           Bond          Angle    Proper Dih. Ryckaert-Bell.          LJ-14
    1.47236e+03    3.75625e+03    2.49272e+02    1.73797e+03    2.66852e+03
     Coulomb-14        LJ (SR)  Disper. corr.   Coulomb (SR)   Coul. recip.
    7.77265e+03    9.36093e+04   -4.55828e+03   -6.34580e+05    2.93392e+03
      Potential    Kinetic En.   Total Energy  Conserved En.    Temperature
   -5.24938e+05    8.57540e+04   -4.39184e+05   -4.37246e+05    3.00004e+02
 Pres. DC (bar) Pressure (bar)   Constr. rmsd
   -2.25374e+02    1.01834e+00    0.00000e+00

          Box-X          Box-Y          Box-Z
    6.95379e+00    6.95379e+00    6.95379e+00

   Total Virial (kJ/mol)
    2.85711e+04    1.16227e+01    2.21035e+01
    1.14485e+01    2.85897e+04   -4.33752e+00
    2.22651e+01   -4.09211e+00    2.85671e+04

   Pressure (bar)
    2.93520e+00   -1.89416e+00   -1.31062e+00
   -1.87694e+00   -7.03076e-01   -7.73260e-01
   -1.32657e+00   -7.97510e-01    8.22857e-01

      T-Protein  T-non-Protein
    3.00205e+02    2.99988e+02


	M E G A - F L O P S   A C C O U N T I N G

 NB=Group-cutoff nonbonded kernels    NxN=N-by-N cluster Verlet kernels
 RF=Reaction-Field  VdW=Van der Waals  QSTab=quadratic-spline table
 W3=SPC/TIP3p  W4=TIP4p (single or pairs)
 V&F=Potential and force  V=Potential only  F=Force only

 Computing:                               M-Number         M-Flops  % Flops
-----------------------------------------------------------------------------
 Pair Search distance check          154422.476488     1389802.288     0.2
 NxN Ewald Elec. + LJ [F]           5544655.714240   365947277.140    52.1
 NxN Ewald Elec. + LJ [V&F]           56017.791552     5993903.696     0.9
 NxN Ewald Elec. [F]                4919619.734592   300096803.810    42.7
 NxN Ewald Elec. [V&F]                49704.345184     4175164.995     0.6
 1,4 nonbonded interactions            2553.005106      229770.460     0.0
 Calc Weights                         50814.101628     1829307.659     0.3
 Spread Q Bspline                   1084034.168064     2168068.336     0.3
 Gather F Bspline                   1084034.168064     6504205.008     0.9
 3D-FFT                             1395170.790336    11161366.323     1.6
 Solve PME                             2904.005808      185856.372     0.0
 Reset In Box                           338.726124        1016.178     0.0
 CG-CoM                                 338.793876        1016.382     0.0
 Bonds                                  512.501025       30237.560     0.0
 Angles                                1773.503547      297948.596     0.0
 Propers                                213.000426       48777.098     0.0
 RB-Dihedrals                          1975.003950      487825.976     0.1
 Virial                                1774.835496       31947.039     0.0
 Stop-CM                                169.413876        1694.139     0.0
 Calc-Ekin                             3387.667752       91467.029     0.0
 Lincs                                  479.500959       28770.058     0.0
 Lincs-Mat                             2388.004776        9552.019     0.0
 Constraint-V                         16913.033826      135304.271     0.0
 Constraint-Vir                        1643.382867       39441.189     0.0
 Settle                                5318.010636     1717717.435     0.2
-----------------------------------------------------------------------------
 Total                                               702604241.055   100.0
-----------------------------------------------------------------------------


    D O M A I N   D E C O M P O S I T I O N   S T A T I S T I C S

 av. #atoms communicated per step for force:  2 x 92002.5


Dynamic load balancing report:
 DLB was turned on during the run due to measured imbalance.
 Average load imbalance: 4.2%.
 The balanceable part of the MD step is 81%, load imbalance is computed from this.
 Part of the total run time spent waiting due to load imbalance: 3.4%.
 Steps where the load balancing was limited by -rdd, -rcon and/or -dds: X 0 % Y 0 % Z 0 %
 Average PME mesh/force load: 0.978
 Part of the total run time spent waiting due to PP/PME imbalance: 0.4 %


     R E A L   C Y C L E   A N D   T I M E   A C C O U N T I N G

On 36 MPI ranks doing PP, and
on 12 MPI ranks doing PME

 Computing:          Num   Num      Call    Wall time         Giga-Cycles
                     Ranks Threads  Count      (s)         total sum    %
-----------------------------------------------------------------------------
 Domain decomp.        36    1      10000       7.990        832.181   1.7
 DD comm. load         36    1       9745       0.040          4.152   0.0
 DD comm. bounds       36    1       9741       0.349         36.334   0.1
 Send X to PME         36    1     500001       7.733        805.428   1.6
 Neighbor search       36    1      10001      20.436       2128.482   4.2
 Comm. coord.          36    1     490000      15.967       1662.986   3.3
 Force                 36    1     500001     252.982      26349.159  52.3
 Wait + Comm. F        36    1     500001      25.582       2664.440   5.3
 PME mesh *            12    1     500001     282.204       9797.582  19.5
 PME wait for PP *                             80.123       2781.714   5.5
 Wait + Recv. PME F    36    1     500001       4.906        511.015   1.0
 NB X/F buffer ops.    36    1    1480001       8.922        929.267   1.8
 Write traj.           36    1        101       0.020          2.058   0.0
 Update                36    1     500001       1.868        194.554   0.4
 Constraints           36    1     500001       5.820        606.207   1.2
 Comm. energies        36    1      50001       7.822        814.701   1.6
 Rest                                           2.209        230.076   0.5
-----------------------------------------------------------------------------
 Total                                        362.646      50361.389 100.0
-----------------------------------------------------------------------------
(*) Note that with separate PME ranks, the walltime column actually sums to
    twice the total reported, but the cycle count total and % are correct.
-----------------------------------------------------------------------------
 Breakdown of PME mesh computation
-----------------------------------------------------------------------------
 PME redist. X/F       12    1    1000002      53.642       1862.358   3.7
 PME spread            12    1     500001      76.227       2646.447   5.3
 PME gather            12    1     500001      64.039       2223.307   4.4
 PME 3D-FFT            12    1    1000002      57.872       2009.196   4.0
 PME 3D-FFT Comm.      12    1    2000004      25.825        896.580   1.8
 PME solve Elec        12    1     500001       4.132        143.466   0.3
-----------------------------------------------------------------------------

               Core t (s)   Wall t (s)        (%)
       Time:    17406.971      362.646     4800.0
                 (ns/day)    (hour/ns)
Performance:      238.250        0.101
Finished mdrun on rank 0 Tue Sep 27 16:31:16 2022

