                      :-) GROMACS - gmx mdrun, 2020.4 (-:

                            GROMACS is written by:
     Emile Apol      Rossen Apostolov      Paul Bauer     Herman J.C. Berendsen
    Par Bjelkmar      Christian Blau   Viacheslav Bolnykh     Kevin Boyd    
 Aldert van Buuren   Rudi van Drunen     Anton Feenstra       Alan Gray     
  Gerrit Groenhof     Anca Hamuraru    Vincent Hindriksen  M. Eric Irrgang  
  Aleksei Iupinov   Christoph Junghans     Joe Jordan     Dimitrios Karkoulis
    Peter Kasson        Jiri Kraus      Carsten Kutzner      Per Larsson    
  Justin A. Lemkul    Viveca Lindahl    Magnus Lundborg     Erik Marklund   
    Pascal Merz     Pieter Meulenhoff    Teemu Murtola       Szilard Pall   
    Sander Pronk      Roland Schulz      Michael Shirts    Alexey Shvetsov  
   Alfons Sijbers     Peter Tieleman      Jon Vincent      Teemu Virolainen 
 Christian Wennberg    Maarten Wolf      Artem Zhmurov   
                           and the project leaders:
        Mark Abraham, Berk Hess, Erik Lindahl, and David van der Spoel

Copyright (c) 1991-2000, University of Groningen, The Netherlands.
Copyright (c) 2001-2019, The GROMACS development team at
Uppsala University, Stockholm University and
the Royal Institute of Technology, Sweden.
check out http://www.gromacs.org for more information.

GROMACS is free software; you can redistribute it and/or modify it
under the terms of the GNU Lesser General Public License
as published by the Free Software Foundation; either version 2.1
of the License, or (at your option) any later version.

GROMACS:      gmx mdrun, version 2020.4
Executable:   /share/apps/gromacs/2020.4/openmpi/intel/bin/gmx_mpi
Data prefix:  /share/apps/gromacs/2020.4/openmpi/intel
Working dir:  /home/ly2571/comp-lab-class-2023/Week4_2/Setup/NaCl_aq_CHARMM36M/gromacs
Process ID:   3839950
Command line:
  gmx_mpi mdrun -v -deffnm step4.1_equilibration

GROMACS version:    2020.4
Verified release checksum is 79c2857291b034542c26e90512b92fd4b184a1c9d6fa59c55f2e24ccf14e7281
Precision:          single
Memory model:       64 bit
MPI library:        MPI
OpenMP support:     disabled
GPU support:        disabled
SIMD instructions:  AVX_512
FFT library:        Intel MKL
RDTSCP usage:       enabled
TNG support:        enabled
Hwloc support:      disabled
Tracing support:    disabled
C compiler:         /share/apps/openmpi/4.0.5/intel/bin/mpicc Intel 19.1.2.20200623
C compiler flags:   -xCORE-AVX512 -qopt-zmm-usage=high -mkl=sequential -wd3180 -std=gnu99 -ip -funroll-all-loops -alias-const -ansi-alias -no-prec-div -fimf-domain-exclusion=14 -qoverride-limits -O3 -DNDEBUG
C++ compiler:       /share/apps/openmpi/4.0.5/intel/bin/mpicxx Intel 19.1.2.20200623
C++ compiler flags: -xCORE-AVX512 -qopt-zmm-usage=high -mkl=sequential -wd3180 -ip -funroll-all-loops -alias-const -ansi-alias -no-prec-div -fimf-domain-exclusion=14 -qoverride-limits -O3 -DNDEBUG


Running on 1 node with total 48 cores, 48 logical cores
Hardware detected on host cs183.hpc.nyu.edu (the node of MPI rank 0):
  CPU info:
    Vendor: Intel
    Brand:  Intel(R) Xeon(R) Platinum 8268 CPU @ 2.90GHz
    Family: 6   Model: 85   Stepping: 7
    Features: aes apic avx avx2 avx512f avx512cd avx512bw avx512vl clfsh cmov cx8 cx16 f16c fma htt intel lahf mmx msr nonstop_tsc pcid pclmuldq pdcm pdpe1gb popcnt pse rdrnd rdtscp sse2 sse3 sse4.1 sse4.2 ssse3 tdt x2apic
    Number of AVX-512 FMA units: 2
  Hardware topology: Only logical processor count


++++ PLEASE READ AND CITE THE FOLLOWING REFERENCE ++++
M. J. Abraham, T. Murtola, R. Schulz, S. Páll, J. C. Smith, B. Hess, E.
Lindahl
GROMACS: High performance molecular simulations through multi-level
parallelism from laptops to supercomputers
SoftwareX 1 (2015) pp. 19-25
-------- -------- --- Thank You --- -------- --------


++++ PLEASE READ AND CITE THE FOLLOWING REFERENCE ++++
S. Páll, M. J. Abraham, C. Kutzner, B. Hess, E. Lindahl
Tackling Exascale Software Challenges in Molecular Dynamics Simulations with
GROMACS
In S. Markidis & E. Laure (Eds.), Solving Software Challenges for Exascale 8759 (2015) pp. 3-27
-------- -------- --- Thank You --- -------- --------


++++ PLEASE READ AND CITE THE FOLLOWING REFERENCE ++++
S. Pronk, S. Páll, R. Schulz, P. Larsson, P. Bjelkmar, R. Apostolov, M. R.
Shirts, J. C. Smith, P. M. Kasson, D. van der Spoel, B. Hess, and E. Lindahl
GROMACS 4.5: a high-throughput and highly parallel open source molecular
simulation toolkit
Bioinformatics 29 (2013) pp. 845-54
-------- -------- --- Thank You --- -------- --------


++++ PLEASE READ AND CITE THE FOLLOWING REFERENCE ++++
B. Hess and C. Kutzner and D. van der Spoel and E. Lindahl
GROMACS 4: Algorithms for highly efficient, load-balanced, and scalable
molecular simulation
J. Chem. Theory Comput. 4 (2008) pp. 435-447
-------- -------- --- Thank You --- -------- --------


++++ PLEASE READ AND CITE THE FOLLOWING REFERENCE ++++
D. van der Spoel, E. Lindahl, B. Hess, G. Groenhof, A. E. Mark and H. J. C.
Berendsen
GROMACS: Fast, Flexible and Free
J. Comp. Chem. 26 (2005) pp. 1701-1719
-------- -------- --- Thank You --- -------- --------


++++ PLEASE READ AND CITE THE FOLLOWING REFERENCE ++++
E. Lindahl and B. Hess and D. van der Spoel
GROMACS 3.0: A package for molecular simulation and trajectory analysis
J. Mol. Mod. 7 (2001) pp. 306-317
-------- -------- --- Thank You --- -------- --------


++++ PLEASE READ AND CITE THE FOLLOWING REFERENCE ++++
H. J. C. Berendsen, D. van der Spoel and R. van Drunen
GROMACS: A message-passing parallel molecular dynamics implementation
Comp. Phys. Comm. 91 (1995) pp. 43-56
-------- -------- --- Thank You --- -------- --------


++++ PLEASE CITE THE DOI FOR THIS VERSION OF GROMACS ++++
https://doi.org/10.5281/zenodo.4054979
-------- -------- --- Thank You --- -------- --------

Input Parameters:
   integrator                     = md
   tinit                          = 0
   dt                             = 0.001
   nsteps                         = 125000
   init-step                      = 0
   simulation-part                = 1
   comm-mode                      = Linear
   nstcomm                        = 100
   bd-fric                        = 0
   ld-seed                        = 63402953
   emtol                          = 10
   emstep                         = 0.01
   niter                          = 20
   fcstep                         = 0
   nstcgsteep                     = 1000
   nbfgscorr                      = 10
   rtpi                           = 0.05
   nstxout                        = 0
   nstvout                        = 5000
   nstfout                        = 5000
   nstlog                         = 1000
   nstcalcenergy                  = 100
   nstenergy                      = 1000
   nstxout-compressed             = 5000
   compressed-x-precision         = 1000
   cutoff-scheme                  = Verlet
   nstlist                        = 20
   pbc                            = xyz
   periodic-molecules             = false
   verlet-buffer-tolerance        = 0.005
   rlist                          = 1.2
   coulombtype                    = PME
   coulomb-modifier               = Potential-shift
   rcoulomb-switch                = 0
   rcoulomb                       = 1.2
   epsilon-r                      = 1
   epsilon-rf                     = inf
   vdw-type                       = Cut-off
   vdw-modifier                   = Force-switch
   rvdw-switch                    = 1
   rvdw                           = 1.2
   DispCorr                       = No
   table-extension                = 1
   fourierspacing                 = 0.12
   fourier-nx                     = 42
   fourier-ny                     = 42
   fourier-nz                     = 42
   pme-order                      = 4
   ewald-rtol                     = 1e-05
   ewald-rtol-lj                  = 0.001
   lj-pme-comb-rule               = Geometric
   ewald-geometry                 = 0
   epsilon-surface                = 0
   tcoupl                         = Nose-Hoover
   nsttcouple                     = 20
   nh-chain-length                = 1
   print-nose-hoover-chain-variables = false
   pcoupl                         = No
   pcoupltype                     = Isotropic
   nstpcouple                     = -1
   tau-p                          = 1
   compressibility (3x3):
      compressibility[    0]={ 0.00000e+00,  0.00000e+00,  0.00000e+00}
      compressibility[    1]={ 0.00000e+00,  0.00000e+00,  0.00000e+00}
      compressibility[    2]={ 0.00000e+00,  0.00000e+00,  0.00000e+00}
   ref-p (3x3):
      ref-p[    0]={ 0.00000e+00,  0.00000e+00,  0.00000e+00}
      ref-p[    1]={ 0.00000e+00,  0.00000e+00,  0.00000e+00}
      ref-p[    2]={ 0.00000e+00,  0.00000e+00,  0.00000e+00}
   refcoord-scaling               = No
   posres-com (3):
      posres-com[0]= 0.00000e+00
      posres-com[1]= 0.00000e+00
      posres-com[2]= 0.00000e+00
   posres-comB (3):
      posres-comB[0]= 0.00000e+00
      posres-comB[1]= 0.00000e+00
      posres-comB[2]= 0.00000e+00
   QMMM                           = false
   QMconstraints                  = 0
   QMMMscheme                     = 0
   MMChargeScaleFactor            = 1
qm-opts:
   ngQM                           = 0
   constraint-algorithm           = Lincs
   continuation                   = false
   Shake-SOR                      = false
   shake-tol                      = 0.0001
   lincs-order                    = 4
   lincs-iter                     = 1
   lincs-warnangle                = 30
   nwall                          = 0
   wall-type                      = 9-3
   wall-r-linpot                  = -1
   wall-atomtype[0]               = -1
   wall-atomtype[1]               = -1
   wall-density[0]                = 0
   wall-density[1]                = 0
   wall-ewald-zfac                = 3
   pull                           = false
   awh                            = false
   rotation                       = false
   interactiveMD                  = false
   disre                          = No
   disre-weighting                = Conservative
   disre-mixed                    = false
   dr-fc                          = 1000
   dr-tau                         = 0
   nstdisreout                    = 100
   orire-fc                       = 0
   orire-tau                      = 0
   nstorireout                    = 100
   free-energy                    = no
   cos-acceleration               = 0
   deform (3x3):
      deform[    0]={ 0.00000e+00,  0.00000e+00,  0.00000e+00}
      deform[    1]={ 0.00000e+00,  0.00000e+00,  0.00000e+00}
      deform[    2]={ 0.00000e+00,  0.00000e+00,  0.00000e+00}
   simulated-tempering            = false
   swapcoords                     = no
   userint1                       = 0
   userint2                       = 0
   userint3                       = 0
   userint4                       = 0
   userreal1                      = 0
   userreal2                      = 0
   userreal3                      = 0
   userreal4                      = 0
   applied-forces:
     electric-field:
       x:
         E0                       = 0
         omega                    = 0
         t0                       = 0
         sigma                    = 0
       y:
         E0                       = 0
         omega                    = 0
         t0                       = 0
         sigma                    = 0
       z:
         E0                       = 0
         omega                    = 0
         t0                       = 0
         sigma                    = 0
     density-guided-simulation:
       active                     = false
       group                      = protein
       similarity-measure         = inner-product
       atom-spreading-weight      = unity
       force-constant             = 1e+09
       gaussian-transform-spreading-width = 0.2
       gaussian-transform-spreading-range-in-multiples-of-width = 4
       reference-density-filename = reference.mrc
       nst                        = 1
       normalize-densities        = true
       adaptive-force-scaling     = false
       adaptive-force-scaling-time-constant = 4
grpopts:
   nrdf:       23331
   ref-t:         300
   tau-t:           1
annealing:          No
annealing-npoints:           0
   acc:	           0           0           0
   nfreeze:           N           N           N
   energygrp-flags[  0]: 0

Changing nstlist from 20 to 100, rlist from 1.2 to 1.298


Initializing Domain Decomposition on 20 ranks
Dynamic load balancing: auto
Using update groups, nr 3896, average size 3.0 atoms, max. radius 0.078 nm
Minimum cell size due to atom displacement: 0.296 nm
Scaling the initial minimum size with 1/0.8 (option -dds) = 1.25
Guess for relative PME load: 0.20
Will use 16 particle-particle and 4 PME only ranks
This is a guess, check the performance at the end of the log file
Using 4 separate PME ranks, as guessed by mdrun
Optimizing the DD grid for 16 cells with a minimum initial size of 0.370 nm
The maximum allowed number of cells is: X 13 Y 13 Z 13
Domain decomposition grid 4 x 4 x 1, separate PME ranks 4
PME domain decomposition: 4 x 1 x 1
Interleaving PP and PME ranks
This rank does only particle-particle work.
Domain decomposition rank 0, coordinates 0 0 0

The initial number of communication pulses is: X 2 Y 2
The initial domain decomposition cell size is: X 1.25 nm Y 1.25 nm

When dynamic load balancing gets turned on, these settings will change to:
The maximum number of communication pulses is: X 2 Y 2
The minimum size for domain decomposition cells is 0.727 nm
The requested allowed shrink of DD cells (option -dds) is: 0.80
The allowed shrink of domain decomposition cells is: X 0.58 Y 0.58

Using 20 MPI processes

Non-default thread affinity set, disabling internal thread affinity
System total charge: 0.000
Will do PME sum in reciprocal space for electrostatic interactions.

++++ PLEASE READ AND CITE THE FOLLOWING REFERENCE ++++
U. Essmann, L. Perera, M. L. Berkowitz, T. Darden, H. Lee and L. G. Pedersen 
A smooth particle mesh Ewald method
J. Chem. Phys. 103 (1995) pp. 8577-8592
-------- -------- --- Thank You --- -------- --------

Using a Gaussian width (1/beta) of 0.384195 nm for Ewald
Potential shift: LJ r^-12: -2.648e-01 r^-6: -5.349e-01, Ewald -8.333e-06
Initialized non-bonded Ewald tables, spacing: 1.02e-03 size: 1176


Using SIMD 4x8 nonbonded short-range kernels

Using a dual 4x8 pair-list setup updated with dynamic pruning:
  outer list: updated every 100 steps, buffer 0.098 nm, rlist 1.298 nm
  inner list: updated every  23 steps, buffer 0.001 nm, rlist 1.201 nm
At tolerance 0.005 kJ/mol/ps per atom, equivalent classical 1x1 list would be:
  outer list: updated every 100 steps, buffer 0.227 nm, rlist 1.427 nm
  inner list: updated every  23 steps, buffer 0.046 nm, rlist 1.246 nm

Removing pbc first time

++++ PLEASE READ AND CITE THE FOLLOWING REFERENCE ++++
S. Miyamoto and P. A. Kollman
SETTLE: An Analytical Version of the SHAKE and RATTLE Algorithms for Rigid
Water Models
J. Comp. Chem. 13 (1992) pp. 952-962
-------- -------- --- Thank You --- -------- --------


Linking all bonded interactions to atoms


Intra-simulation communication will occur every 20 steps.
There are: 11660 Atoms
Atom distribution over 16 domains: av 728 stddev 39 min 680 max 773

Constraining the starting coordinates (step 0)

Constraining the coordinates at t0-dt (step 0)
Center of mass motion removal mode is Linear
We have the following groups for center of mass motion removal:
  0:  SOLV
RMS relative constraint deviation after constraining: 0.00e+00
Initial temperature: 301.034 K

Started mdrun on rank 0 Thu Oct 12 11:50:49 2023

           Step           Time
              0        0.00000

   Energies (kJ/mol)
        LJ (SR)   Coulomb (SR)   Coul. recip.      Potential    Kinetic En.
    2.73508e+04   -2.15588e+05    6.55795e+02   -1.87581e+05    2.91999e+04
   Total Energy  Conserved En.    Temperature Pressure (bar)
   -1.58381e+05   -1.58381e+05    3.01053e+02   -9.07879e+02


DD  step 99 load imb.: force 14.5%  pme mesh/force 0.267

step 200 Turning on dynamic load balancing, because the performance loss due to load imbalance is 7.0 %.

DD  step 999  vol min/aver 0.836  load imb.: force  2.2%  pme mesh/force 0.691
           Step           Time
           1000        1.00000

   Energies (kJ/mol)
        LJ (SR)   Coulomb (SR)   Coul. recip.      Potential    Kinetic En.
    1.77915e+04   -1.87525e+05    4.66743e+02   -1.69267e+05    2.26280e+04
   Total Energy  Conserved En.    Temperature Pressure (bar)
   -1.46639e+05   -1.56645e+05    2.33296e+02   -2.22838e+03


DD  step 1999  vol min/aver 0.797  load imb.: force  3.3%  pme mesh/force 0.688
           Step           Time
           2000        2.00000

   Energies (kJ/mol)
        LJ (SR)   Coulomb (SR)   Coul. recip.      Potential    Kinetic En.
    1.62845e+04   -1.79992e+05    5.60648e+02   -1.63147e+05    2.62965e+04
   Total Energy  Conserved En.    Temperature Pressure (bar)
   -1.36850e+05   -1.56201e+05    2.71119e+02   -1.92026e+03


DD  step 2999  vol min/aver 0.817  load imb.: force  4.5%  pme mesh/force 0.687
           Step           Time
           3000        3.00000

   Energies (kJ/mol)
        LJ (SR)   Coulomb (SR)   Coul. recip.      Potential    Kinetic En.
    1.58737e+04   -1.76798e+05    5.76222e+02   -1.60348e+05    2.91721e+04
   Total Energy  Conserved En.    Temperature Pressure (bar)
   -1.31176e+05   -1.55914e+05    3.00767e+02   -1.54894e+03


DD  step 3999  vol min/aver 0.798  load imb.: force  3.6%  pme mesh/force 0.688
           Step           Time
           4000        4.00000

   Energies (kJ/mol)
        LJ (SR)   Coulomb (SR)   Coul. recip.      Potential    Kinetic En.
    1.65402e+04   -1.77413e+05    5.90501e+02   -1.60282e+05    2.95911e+04
   Total Energy  Conserved En.    Temperature Pressure (bar)
   -1.30691e+05   -1.55672e+05    3.05087e+02   -1.18780e+03


DD  step 4999  vol min/aver 0.864  load imb.: force  2.7%  pme mesh/force 0.679
           Step           Time
           5000        5.00000

   Energies (kJ/mol)
        LJ (SR)   Coulomb (SR)   Coul. recip.      Potential    Kinetic En.
    1.69510e+04   -1.78512e+05    5.31636e+02   -1.61030e+05    2.94818e+04
   Total Energy  Conserved En.    Temperature Pressure (bar)
   -1.31548e+05   -1.55579e+05    3.03960e+02   -1.09901e+03


DD  step 5999  vol min/aver 0.830  load imb.: force  1.6%  pme mesh/force 0.689
           Step           Time
           6000        6.00000

   Energies (kJ/mol)
        LJ (SR)   Coulomb (SR)   Coul. recip.      Potential    Kinetic En.
    1.67943e+04   -1.78470e+05    5.43409e+02   -1.61133e+05    2.99173e+04
   Total Energy  Conserved En.    Temperature Pressure (bar)
   -1.31215e+05   -1.55544e+05    3.08450e+02   -1.10550e+03


DD  step 6999  vol min/aver 0.812  load imb.: force  4.0%  pme mesh/force 0.671
           Step           Time
           7000        7.00000

   Energies (kJ/mol)
        LJ (SR)   Coulomb (SR)   Coul. recip.      Potential    Kinetic En.
    1.76817e+04   -1.79744e+05    5.48343e+02   -1.61514e+05    2.92631e+04
   Total Energy  Conserved En.    Temperature Pressure (bar)
   -1.32251e+05   -1.55528e+05    3.01705e+02   -8.62010e+02


DD  step 7999  vol min/aver 0.854  load imb.: force  3.3%  pme mesh/force 0.685
           Step           Time
           8000        8.00000

   Energies (kJ/mol)
        LJ (SR)   Coulomb (SR)   Coul. recip.      Potential    Kinetic En.
    1.72557e+04   -1.79475e+05    5.72334e+02   -1.61647e+05    2.90117e+04
   Total Energy  Conserved En.    Temperature Pressure (bar)
   -1.32635e+05   -1.55572e+05    2.99113e+02   -1.04881e+03


DD  step 8999  vol min/aver 0.809  load imb.: force  2.4%  pme mesh/force 0.683
           Step           Time
           9000        9.00000

   Energies (kJ/mol)
        LJ (SR)   Coulomb (SR)   Coul. recip.      Potential    Kinetic En.
    1.68831e+04   -1.79028e+05    5.75080e+02   -1.61570e+05    2.90721e+04
   Total Energy  Conserved En.    Temperature Pressure (bar)
   -1.32498e+05   -1.55574e+05    2.99736e+02   -1.25012e+03


DD  step 9999  vol min/aver 0.817  load imb.: force  2.7%  pme mesh/force 0.684
           Step           Time
          10000       10.00000

   Energies (kJ/mol)
        LJ (SR)   Coulomb (SR)   Coul. recip.      Potential    Kinetic En.
    1.73929e+04   -1.79403e+05    6.04107e+02   -1.61406e+05    2.88034e+04
   Total Energy  Conserved En.    Temperature Pressure (bar)
   -1.32603e+05   -1.55582e+05    2.96966e+02   -9.80860e+02


DD  step 10999  vol min/aver 0.825  load imb.: force  3.4%  pme mesh/force 0.677
           Step           Time
          11000       11.00000

   Energies (kJ/mol)
        LJ (SR)   Coulomb (SR)   Coul. recip.      Potential    Kinetic En.
    1.71518e+04   -1.78659e+05    5.64406e+02   -1.60942e+05    2.90571e+04
   Total Energy  Conserved En.    Temperature Pressure (bar)
   -1.31885e+05   -1.55587e+05    2.99581e+02   -9.34501e+02


DD  step 11999  vol min/aver 0.875  load imb.: force  4.3%  pme mesh/force 0.675
           Step           Time
          12000       12.00000

   Energies (kJ/mol)
        LJ (SR)   Coulomb (SR)   Coul. recip.      Potential    Kinetic En.
    1.71333e+04   -1.79661e+05    5.60263e+02   -1.61967e+05    2.96614e+04
   Total Energy  Conserved En.    Temperature Pressure (bar)
   -1.32306e+05   -1.55582e+05    3.05811e+02   -1.06881e+03


DD  step 12999  vol min/aver 0.843  load imb.: force  3.1%  pme mesh/force 0.676
           Step           Time
          13000       13.00000

   Energies (kJ/mol)
        LJ (SR)   Coulomb (SR)   Coul. recip.      Potential    Kinetic En.
    1.71762e+04   -1.79249e+05    5.78853e+02   -1.61494e+05    2.90679e+04
   Total Energy  Conserved En.    Temperature Pressure (bar)
   -1.32426e+05   -1.55544e+05    2.99693e+02   -1.09643e+03


DD  step 13999  vol min/aver 0.813  load imb.: force  2.4%  pme mesh/force 0.683
           Step           Time
          14000       14.00000

   Energies (kJ/mol)
        LJ (SR)   Coulomb (SR)   Coul. recip.      Potential    Kinetic En.
    1.69130e+04   -1.78546e+05    5.76919e+02   -1.61056e+05    2.91717e+04
   Total Energy  Conserved En.    Temperature Pressure (bar)
   -1.31885e+05   -1.55550e+05    3.00763e+02   -1.12913e+03


DD  step 14999  vol min/aver 0.852  load imb.: force  3.2%  pme mesh/force 0.681
           Step           Time
          15000       15.00000

   Energies (kJ/mol)
        LJ (SR)   Coulomb (SR)   Coul. recip.      Potential    Kinetic En.
    1.77846e+04   -1.80514e+05    5.64414e+02   -1.62165e+05    2.89760e+04
   Total Energy  Conserved En.    Temperature Pressure (bar)
   -1.33189e+05   -1.55606e+05    2.98745e+02   -8.89896e+02


DD  step 15999  vol min/aver 0.805  load imb.: force  2.7%  pme mesh/force 0.697
           Step           Time
          16000       16.00000

   Energies (kJ/mol)
        LJ (SR)   Coulomb (SR)   Coul. recip.      Potential    Kinetic En.
    1.68237e+04   -1.79513e+05    5.98386e+02   -1.62091e+05    2.89081e+04
   Total Energy  Conserved En.    Temperature Pressure (bar)
   -1.33183e+05   -1.55579e+05    2.98045e+02   -1.35960e+03


DD  step 16999  vol min/aver 0.849  load imb.: force  4.5%  pme mesh/force 0.686
           Step           Time
          17000       17.00000

   Energies (kJ/mol)
        LJ (SR)   Coulomb (SR)   Coul. recip.      Potential    Kinetic En.
    1.71251e+04   -1.79122e+05    6.18093e+02   -1.61379e+05    2.93730e+04
   Total Energy  Conserved En.    Temperature Pressure (bar)
   -1.32006e+05   -1.55510e+05    3.02838e+02   -1.03889e+03


DD  step 17999  vol min/aver 0.843  load imb.: force  2.8%  pme mesh/force 0.675
           Step           Time
          18000       18.00000

   Energies (kJ/mol)
        LJ (SR)   Coulomb (SR)   Coul. recip.      Potential    Kinetic En.
    1.67577e+04   -1.78733e+05    5.62220e+02   -1.61413e+05    2.88356e+04
   Total Energy  Conserved En.    Temperature Pressure (bar)
   -1.32578e+05   -1.55504e+05    2.97298e+02   -1.30042e+03


DD  step 18999  vol min/aver 0.843  load imb.: force  3.0%  pme mesh/force 0.674
           Step           Time
          19000       19.00000

   Energies (kJ/mol)
        LJ (SR)   Coulomb (SR)   Coul. recip.      Potential    Kinetic En.
    1.65220e+04   -1.78611e+05    5.47584e+02   -1.61542e+05    2.88143e+04
   Total Energy  Conserved En.    Temperature Pressure (bar)
   -1.32727e+05   -1.55522e+05    2.97078e+02   -1.48413e+03


DD  step 19999  vol min/aver 0.840  load imb.: force  2.4%  pme mesh/force 0.682
           Step           Time
          20000       20.00000

   Energies (kJ/mol)
        LJ (SR)   Coulomb (SR)   Coul. recip.      Potential    Kinetic En.
    1.68125e+04   -1.78976e+05    5.68736e+02   -1.61595e+05    2.84498e+04
   Total Energy  Conserved En.    Temperature Pressure (bar)
   -1.33145e+05   -1.55482e+05    2.93320e+02   -1.26595e+03


DD  step 20999  vol min/aver 0.813  load imb.: force  3.5%  pme mesh/force 0.670
           Step           Time
          21000       21.00000

   Energies (kJ/mol)
        LJ (SR)   Coulomb (SR)   Coul. recip.      Potential    Kinetic En.
    1.70462e+04   -1.79182e+05    5.55096e+02   -1.61581e+05    2.89252e+04
   Total Energy  Conserved En.    Temperature Pressure (bar)
   -1.32656e+05   -1.55528e+05    2.98221e+02   -1.13664e+03


DD  step 21999  vol min/aver 0.832  load imb.: force  3.6%  pme mesh/force 0.678
           Step           Time
          22000       22.00000

   Energies (kJ/mol)
        LJ (SR)   Coulomb (SR)   Coul. recip.      Potential    Kinetic En.
    1.71257e+04   -1.78970e+05    5.72060e+02   -1.61273e+05    2.92454e+04
   Total Energy  Conserved En.    Temperature Pressure (bar)
   -1.32027e+05   -1.55562e+05    3.01523e+02   -1.10052e+03


DD  step 22999  vol min/aver 0.833  load imb.: force  3.1%  pme mesh/force 0.679
           Step           Time
          23000       23.00000

   Energies (kJ/mol)
        LJ (SR)   Coulomb (SR)   Coul. recip.      Potential    Kinetic En.
    1.69938e+04   -1.78859e+05    6.18496e+02   -1.61246e+05    2.90331e+04
   Total Energy  Conserved En.    Temperature Pressure (bar)
   -1.32213e+05   -1.55526e+05    2.99334e+02   -1.17855e+03


DD  step 23999  vol min/aver 0.864  load imb.: force  2.3%  pme mesh/force 0.683
           Step           Time
          24000       24.00000

   Energies (kJ/mol)
        LJ (SR)   Coulomb (SR)   Coul. recip.      Potential    Kinetic En.
    1.70508e+04   -1.79341e+05    5.71524e+02   -1.61719e+05    2.91488e+04
   Total Energy  Conserved En.    Temperature Pressure (bar)
   -1.32570e+05   -1.55510e+05    3.00527e+02   -1.15744e+03


DD  step 24999  vol min/aver 0.828  load imb.: force  3.0%  pme mesh/force 0.689
           Step           Time
          25000       25.00000

   Energies (kJ/mol)
        LJ (SR)   Coulomb (SR)   Coul. recip.      Potential    Kinetic En.
    1.71453e+04   -1.79489e+05    5.72024e+02   -1.61772e+05    2.92465e+04
   Total Energy  Conserved En.    Temperature Pressure (bar)
   -1.32525e+05   -1.55475e+05    3.01534e+02   -1.10902e+03


DD  step 25999  vol min/aver 0.837  load imb.: force  2.8%  pme mesh/force 0.687
           Step           Time
          26000       26.00000

   Energies (kJ/mol)
        LJ (SR)   Coulomb (SR)   Coul. recip.      Potential    Kinetic En.
    1.72117e+04   -1.79671e+05    5.42063e+02   -1.61917e+05    2.87337e+04
   Total Energy  Conserved En.    Temperature Pressure (bar)
   -1.33184e+05   -1.55516e+05    2.96247e+02   -1.09977e+03


DD  step 26999  vol min/aver 0.822  load imb.: force  3.4%  pme mesh/force 0.682
           Step           Time
          27000       27.00000

   Energies (kJ/mol)
        LJ (SR)   Coulomb (SR)   Coul. recip.      Potential    Kinetic En.
    1.72606e+04   -1.79947e+05    5.80343e+02   -1.62106e+05    2.89429e+04
   Total Energy  Conserved En.    Temperature Pressure (bar)
   -1.33164e+05   -1.55549e+05    2.98404e+02   -1.13122e+03


DD  step 27999  vol min/aver 0.829  load imb.: force  2.6%  pme mesh/force 0.685
           Step           Time
          28000       28.00000

   Energies (kJ/mol)
        LJ (SR)   Coulomb (SR)   Coul. recip.      Potential    Kinetic En.
    1.70751e+04   -1.78804e+05    5.79467e+02   -1.61149e+05    2.91004e+04
   Total Energy  Conserved En.    Temperature Pressure (bar)
   -1.32049e+05   -1.55505e+05    3.00028e+02   -1.11940e+03


DD  step 28999  vol min/aver 0.871  load imb.: force  2.9%  pme mesh/force 0.681
           Step           Time
          29000       29.00000

   Energies (kJ/mol)
        LJ (SR)   Coulomb (SR)   Coul. recip.      Potential    Kinetic En.
    1.72347e+04   -1.79125e+05    5.65141e+02   -1.61326e+05    2.92199e+04
   Total Energy  Conserved En.    Temperature Pressure (bar)
   -1.32106e+05   -1.55495e+05    3.01260e+02   -9.80866e+02


DD  step 29999  vol min/aver 0.825  load imb.: force  4.0%  pme mesh/force 0.672
           Step           Time
          30000       30.00000

   Energies (kJ/mol)
        LJ (SR)   Coulomb (SR)   Coul. recip.      Potential    Kinetic En.
    1.70373e+04   -1.79242e+05    5.73932e+02   -1.61631e+05    2.92726e+04
   Total Energy  Conserved En.    Temperature Pressure (bar)
   -1.32359e+05   -1.55458e+05    3.01803e+02   -1.15086e+03


DD  step 30999  vol min/aver 0.795  load imb.: force  3.5%  pme mesh/force 0.675
           Step           Time
          31000       31.00000

   Energies (kJ/mol)
        LJ (SR)   Coulomb (SR)   Coul. recip.      Potential    Kinetic En.
    1.69951e+04   -1.79838e+05    5.74668e+02   -1.62268e+05    2.89032e+04
   Total Energy  Conserved En.    Temperature Pressure (bar)
   -1.33365e+05   -1.55489e+05    2.97995e+02   -1.33251e+03


DD  step 31999  vol min/aver 0.817  load imb.: force  2.9%  pme mesh/force 0.681
           Step           Time
          32000       32.00000

   Energies (kJ/mol)
        LJ (SR)   Coulomb (SR)   Coul. recip.      Potential    Kinetic En.
    1.71857e+04   -1.79231e+05    5.78169e+02   -1.61467e+05    2.89628e+04
   Total Energy  Conserved En.    Temperature Pressure (bar)
   -1.32504e+05   -1.55476e+05    2.98609e+02   -1.06171e+03


DD  step 32999  vol min/aver 0.857  load imb.: force  3.0%  pme mesh/force 0.680
           Step           Time
          33000       33.00000

   Energies (kJ/mol)
        LJ (SR)   Coulomb (SR)   Coul. recip.      Potential    Kinetic En.
    1.70017e+04   -1.79467e+05    5.56682e+02   -1.61909e+05    2.92615e+04
   Total Energy  Conserved En.    Temperature Pressure (bar)
   -1.32648e+05   -1.55513e+05    3.01689e+02   -1.21977e+03


DD  step 33999  vol min/aver 0.834  load imb.: force  2.9%  pme mesh/force 0.683
           Step           Time
          34000       34.00000

   Energies (kJ/mol)
        LJ (SR)   Coulomb (SR)   Coul. recip.      Potential    Kinetic En.
    1.71560e+04   -1.79528e+05    5.44329e+02   -1.61827e+05    2.91220e+04
   Total Energy  Conserved En.    Temperature Pressure (bar)
   -1.32705e+05   -1.55510e+05    3.00250e+02   -1.13041e+03


DD  step 34999  vol min/aver 0.829  load imb.: force  5.2%  pme mesh/force 0.683
           Step           Time
          35000       35.00000

   Energies (kJ/mol)
        LJ (SR)   Coulomb (SR)   Coul. recip.      Potential    Kinetic En.
    1.64481e+04   -1.78188e+05    5.58278e+02   -1.61182e+05    2.93178e+04
   Total Energy  Conserved En.    Temperature Pressure (bar)
   -1.31864e+05   -1.55516e+05    3.02269e+02   -1.35495e+03


DD  step 35999  vol min/aver 0.846  load imb.: force  3.2%  pme mesh/force 0.684
           Step           Time
          36000       36.00000

   Energies (kJ/mol)
        LJ (SR)   Coulomb (SR)   Coul. recip.      Potential    Kinetic En.
    1.72689e+04   -1.79126e+05    5.73679e+02   -1.61284e+05    2.95450e+04
   Total Energy  Conserved En.    Temperature Pressure (bar)
   -1.31739e+05   -1.55474e+05    3.04612e+02   -9.93314e+02


DD  step 36999  vol min/aver 0.818  load imb.: force  4.2%  pme mesh/force 0.676
           Step           Time
          37000       37.00000

   Energies (kJ/mol)
        LJ (SR)   Coulomb (SR)   Coul. recip.      Potential    Kinetic En.
    1.71499e+04   -1.79563e+05    5.48793e+02   -1.61864e+05    2.91727e+04
   Total Energy  Conserved En.    Temperature Pressure (bar)
   -1.32691e+05   -1.55470e+05    3.00773e+02   -1.12752e+03


DD  step 37999  vol min/aver 0.824  load imb.: force  3.4%  pme mesh/force 0.670
           Step           Time
          38000       38.00000

   Energies (kJ/mol)
        LJ (SR)   Coulomb (SR)   Coul. recip.      Potential    Kinetic En.
    1.69699e+04   -1.79377e+05    5.68990e+02   -1.61838e+05    2.88552e+04
   Total Energy  Conserved En.    Temperature Pressure (bar)
   -1.32983e+05   -1.55501e+05    2.97500e+02   -1.25839e+03


DD  step 38999  vol min/aver 0.828  load imb.: force  3.1%  pme mesh/force 0.689
           Step           Time
          39000       39.00000

   Energies (kJ/mol)
        LJ (SR)   Coulomb (SR)   Coul. recip.      Potential    Kinetic En.
    1.70624e+04   -1.78735e+05    5.55965e+02   -1.61117e+05    2.93373e+04
   Total Energy  Conserved En.    Temperature Pressure (bar)
   -1.31779e+05   -1.55509e+05    3.02470e+02   -1.04922e+03


DD  step 39999  vol min/aver 0.824  load imb.: force  3.0%  pme mesh/force 0.674
           Step           Time
          40000       40.00000

   Energies (kJ/mol)
        LJ (SR)   Coulomb (SR)   Coul. recip.      Potential    Kinetic En.
    1.68477e+04   -1.78742e+05    5.44337e+02   -1.61350e+05    2.91621e+04
   Total Energy  Conserved En.    Temperature Pressure (bar)
   -1.32188e+05   -1.55503e+05    3.00664e+02   -1.20154e+03


DD  step 40999  vol min/aver 0.816  load imb.: force  3.0%  pme mesh/force 0.682
           Step           Time
          41000       41.00000

   Energies (kJ/mol)
        LJ (SR)   Coulomb (SR)   Coul. recip.      Potential    Kinetic En.
    1.71941e+04   -1.79361e+05    5.76267e+02   -1.61591e+05    2.88846e+04
   Total Energy  Conserved En.    Temperature Pressure (bar)
   -1.32706e+05   -1.55496e+05    2.97803e+02   -1.13375e+03


DD  step 41999  vol min/aver 0.805  load imb.: force  3.3%  pme mesh/force 0.689
           Step           Time
          42000       42.00000

   Energies (kJ/mol)
        LJ (SR)   Coulomb (SR)   Coul. recip.      Potential    Kinetic En.
    1.68976e+04   -1.78514e+05    5.52517e+02   -1.61064e+05    2.89274e+04
   Total Energy  Conserved En.    Temperature Pressure (bar)
   -1.32137e+05   -1.55482e+05    2.98244e+02   -1.20148e+03


DD  step 42999  vol min/aver 0.852  load imb.: force  2.8%  pme mesh/force 0.679
           Step           Time
          43000       43.00000

   Energies (kJ/mol)
        LJ (SR)   Coulomb (SR)   Coul. recip.      Potential    Kinetic En.
    1.69301e+04   -1.79158e+05    5.62320e+02   -1.61666e+05    2.87873e+04
   Total Energy  Conserved En.    Temperature Pressure (bar)
   -1.32879e+05   -1.55454e+05    2.96800e+02   -1.23048e+03


DD  step 43999  vol min/aver 0.818  load imb.: force  3.5%  pme mesh/force 0.672
           Step           Time
          44000       44.00000

   Energies (kJ/mol)
        LJ (SR)   Coulomb (SR)   Coul. recip.      Potential    Kinetic En.
    1.67793e+04   -1.78623e+05    6.36946e+02   -1.61207e+05    2.91783e+04
   Total Energy  Conserved En.    Temperature Pressure (bar)
   -1.32028e+05   -1.55465e+05    3.00831e+02   -1.16976e+03


DD  step 44999  vol min/aver 0.775  load imb.: force  3.0%  pme mesh/force 0.687
           Step           Time
          45000       45.00000

   Energies (kJ/mol)
        LJ (SR)   Coulomb (SR)   Coul. recip.      Potential    Kinetic En.
    1.75879e+04   -1.80294e+05    5.79465e+02   -1.62127e+05    2.94121e+04
   Total Energy  Conserved En.    Temperature Pressure (bar)
   -1.32715e+05   -1.55510e+05    3.03241e+02   -9.24869e+02


DD  step 45999  vol min/aver 0.833  load imb.: force  3.5%  pme mesh/force 0.688
           Step           Time
          46000       46.00000

   Energies (kJ/mol)
        LJ (SR)   Coulomb (SR)   Coul. recip.      Potential    Kinetic En.
    1.68560e+04   -1.79044e+05    5.57897e+02   -1.61630e+05    2.91533e+04
   Total Energy  Conserved En.    Temperature Pressure (bar)
   -1.32477e+05   -1.55502e+05    3.00573e+02   -1.24452e+03


DD  step 46999  vol min/aver 0.818  load imb.: force  3.8%  pme mesh/force 0.674
           Step           Time
          47000       47.00000

   Energies (kJ/mol)
        LJ (SR)   Coulomb (SR)   Coul. recip.      Potential    Kinetic En.
    1.69365e+04   -1.79225e+05    5.64671e+02   -1.61724e+05    2.92920e+04
   Total Energy  Conserved En.    Temperature Pressure (bar)
   -1.32432e+05   -1.55505e+05    3.02003e+02   -1.18491e+03


DD  step 47999  vol min/aver 0.833  load imb.: force  3.5%  pme mesh/force 0.670
           Step           Time
          48000       48.00000

   Energies (kJ/mol)
        LJ (SR)   Coulomb (SR)   Coul. recip.      Potential    Kinetic En.
    1.72666e+04   -1.78786e+05    5.76453e+02   -1.60943e+05    2.89234e+04
   Total Energy  Conserved En.    Temperature Pressure (bar)
   -1.32019e+05   -1.55468e+05    2.98203e+02   -8.94150e+02


DD  step 48999  vol min/aver 0.833  load imb.: force  3.7%  pme mesh/force 0.679
           Step           Time
          49000       49.00000

   Energies (kJ/mol)
        LJ (SR)   Coulomb (SR)   Coul. recip.      Potential    Kinetic En.
    1.75039e+04   -1.79650e+05    5.85540e+02   -1.61561e+05    2.94316e+04
   Total Energy  Conserved En.    Temperature Pressure (bar)
   -1.32129e+05   -1.55487e+05    3.03442e+02   -9.10396e+02


DD  step 49999  vol min/aver 0.834  load imb.: force  4.5%  pme mesh/force 0.663
           Step           Time
          50000       50.00000

   Energies (kJ/mol)
        LJ (SR)   Coulomb (SR)   Coul. recip.      Potential    Kinetic En.
    1.66047e+04   -1.78782e+05    5.54966e+02   -1.61623e+05    2.87990e+04
   Total Energy  Conserved En.    Temperature Pressure (bar)
   -1.32824e+05   -1.55515e+05    2.96920e+02   -1.33861e+03


DD  step 50999  vol min/aver 0.851  load imb.: force  3.1%  pme mesh/force 0.681
           Step           Time
          51000       51.00000

   Energies (kJ/mol)
        LJ (SR)   Coulomb (SR)   Coul. recip.      Potential    Kinetic En.
    1.71956e+04   -1.79778e+05    5.32041e+02   -1.62051e+05    2.92771e+04
   Total Energy  Conserved En.    Temperature Pressure (bar)
   -1.32774e+05   -1.55512e+05    3.01850e+02   -1.13877e+03


DD  step 51999  vol min/aver 0.836  load imb.: force  3.9%  pme mesh/force 0.672
           Step           Time
          52000       52.00000

   Energies (kJ/mol)
        LJ (SR)   Coulomb (SR)   Coul. recip.      Potential    Kinetic En.
    1.70406e+04   -1.79096e+05    5.43825e+02   -1.61511e+05    2.98571e+04
   Total Energy  Conserved En.    Temperature Pressure (bar)
   -1.31654e+05   -1.55538e+05    3.07830e+02   -1.09416e+03


DD  step 52999  vol min/aver 0.841  load imb.: force  3.3%  pme mesh/force 0.672
           Step           Time
          53000       53.00000

   Energies (kJ/mol)
        LJ (SR)   Coulomb (SR)   Coul. recip.      Potential    Kinetic En.
    1.69861e+04   -1.79154e+05    6.03806e+02   -1.61564e+05    2.99256e+04
   Total Energy  Conserved En.    Temperature Pressure (bar)
   -1.31638e+05   -1.55519e+05    3.08536e+02   -1.09942e+03


DD  step 53999  vol min/aver 0.843  load imb.: force  4.5%  pme mesh/force 0.690
           Step           Time
          54000       54.00000

   Energies (kJ/mol)
        LJ (SR)   Coulomb (SR)   Coul. recip.      Potential    Kinetic En.
    1.70415e+04   -1.78175e+05    5.45976e+02   -1.60588e+05    2.97238e+04
   Total Energy  Conserved En.    Temperature Pressure (bar)
   -1.30864e+05   -1.55482e+05    3.06456e+02   -9.75063e+02


DD  step 54999  vol min/aver 0.822  load imb.: force  4.0%  pme mesh/force 0.672
           Step           Time
          55000       55.00000

   Energies (kJ/mol)
        LJ (SR)   Coulomb (SR)   Coul. recip.      Potential    Kinetic En.
    1.71994e+04   -1.78714e+05    5.94723e+02   -1.60920e+05    2.93112e+04
   Total Energy  Conserved En.    Temperature Pressure (bar)
   -1.31609e+05   -1.55448e+05    3.02201e+02   -9.39660e+02


DD  step 55999  vol min/aver 0.842  load imb.: force  3.8%  pme mesh/force 0.680
           Step           Time
          56000       56.00000

   Energies (kJ/mol)
        LJ (SR)   Coulomb (SR)   Coul. recip.      Potential    Kinetic En.
    1.67844e+04   -1.78220e+05    5.83204e+02   -1.60852e+05    2.89344e+04
   Total Energy  Conserved En.    Temperature Pressure (bar)
   -1.31918e+05   -1.55419e+05    2.98316e+02   -1.21114e+03


DD  step 56999  vol min/aver 0.811  load imb.: force  2.7%  pme mesh/force 0.677
           Step           Time
          57000       57.00000

   Energies (kJ/mol)
        LJ (SR)   Coulomb (SR)   Coul. recip.      Potential    Kinetic En.
    1.67380e+04   -1.78893e+05    5.75872e+02   -1.61580e+05    2.90723e+04
   Total Energy  Conserved En.    Temperature Pressure (bar)
   -1.32507e+05   -1.55443e+05    2.99738e+02   -1.27845e+03


DD  step 57999  vol min/aver 0.776  load imb.: force  3.4%  pme mesh/force 0.696
           Step           Time
          58000       58.00000

   Energies (kJ/mol)
        LJ (SR)   Coulomb (SR)   Coul. recip.      Potential    Kinetic En.
    1.77997e+04   -1.80244e+05    5.84912e+02   -1.61860e+05    2.90837e+04
   Total Energy  Conserved En.    Temperature Pressure (bar)
   -1.32776e+05   -1.55472e+05    2.99856e+02   -8.79754e+02


DD  step 58999  vol min/aver 0.823  load imb.: force  3.7%  pme mesh/force 0.665
           Step           Time
          59000       59.00000

   Energies (kJ/mol)
        LJ (SR)   Coulomb (SR)   Coul. recip.      Potential    Kinetic En.
    1.70401e+04   -1.78698e+05    5.61117e+02   -1.61097e+05    2.90503e+04
   Total Energy  Conserved En.    Temperature Pressure (bar)
   -1.32046e+05   -1.55468e+05    2.99511e+02   -1.01847e+03


DD  step 59999  vol min/aver 0.821  load imb.: force  3.6%  pme mesh/force 0.669
           Step           Time
          60000       60.00000

   Energies (kJ/mol)
        LJ (SR)   Coulomb (SR)   Coul. recip.      Potential    Kinetic En.
    1.71576e+04   -1.79140e+05    5.88733e+02   -1.61394e+05    2.90108e+04
   Total Energy  Conserved En.    Temperature Pressure (bar)
   -1.32383e+05   -1.55431e+05    2.99104e+02   -1.00742e+03


DD  step 60999  vol min/aver 0.782  load imb.: force  2.5%  pme mesh/force 0.679
           Step           Time
          61000       61.00000

   Energies (kJ/mol)
        LJ (SR)   Coulomb (SR)   Coul. recip.      Potential    Kinetic En.
    1.70712e+04   -1.78226e+05    6.07807e+02   -1.60547e+05    2.87422e+04
   Total Energy  Conserved En.    Temperature Pressure (bar)
   -1.31805e+05   -1.55476e+05    2.96335e+02   -1.01082e+03


DD  step 61999  vol min/aver 0.849  load imb.: force  3.4%  pme mesh/force 0.684
           Step           Time
          62000       62.00000

   Energies (kJ/mol)
        LJ (SR)   Coulomb (SR)   Coul. recip.      Potential    Kinetic En.
    1.64728e+04   -1.78050e+05    5.74023e+02   -1.61003e+05    2.90977e+04
   Total Energy  Conserved En.    Temperature Pressure (bar)
   -1.31906e+05   -1.55443e+05    3.00000e+02   -1.35029e+03


DD  step 62999  vol min/aver 0.851  load imb.: force  2.1%  pme mesh/force 0.689
           Step           Time
          63000       63.00000

   Energies (kJ/mol)
        LJ (SR)   Coulomb (SR)   Coul. recip.      Potential    Kinetic En.
    1.75179e+04   -1.79617e+05    5.71408e+02   -1.61527e+05    2.92520e+04
   Total Energy  Conserved En.    Temperature Pressure (bar)
   -1.32275e+05   -1.55437e+05    3.01591e+02   -9.49944e+02


DD  step 63999  vol min/aver 0.861  load imb.: force  3.9%  pme mesh/force 0.672
           Step           Time
          64000       64.00000

   Energies (kJ/mol)
        LJ (SR)   Coulomb (SR)   Coul. recip.      Potential    Kinetic En.
    1.71480e+04   -1.78729e+05    5.28785e+02   -1.61052e+05    2.91971e+04
   Total Energy  Conserved En.    Temperature Pressure (bar)
   -1.31855e+05   -1.55413e+05    3.01024e+02   -1.00208e+03


DD  step 64999  vol min/aver 0.805  load imb.: force  4.3%  pme mesh/force 0.678
           Step           Time
          65000       65.00000

   Energies (kJ/mol)
        LJ (SR)   Coulomb (SR)   Coul. recip.      Potential    Kinetic En.
    1.76680e+04   -1.79619e+05    6.26299e+02   -1.61324e+05    2.94517e+04
   Total Energy  Conserved En.    Temperature Pressure (bar)
   -1.31873e+05   -1.55434e+05    3.03650e+02   -8.36460e+02


DD  step 65999  vol min/aver 0.829  load imb.: force  3.8%  pme mesh/force 0.671
           Step           Time
          66000       66.00000

   Energies (kJ/mol)
        LJ (SR)   Coulomb (SR)   Coul. recip.      Potential    Kinetic En.
    1.65631e+04   -1.79286e+05    5.72718e+02   -1.62150e+05    2.91354e+04
   Total Energy  Conserved En.    Temperature Pressure (bar)
   -1.33014e+05   -1.55440e+05    3.00388e+02   -1.45677e+03


DD  step 66999  vol min/aver 0.836  load imb.: force  3.6%  pme mesh/force 0.667
           Step           Time
          67000       67.00000

   Energies (kJ/mol)
        LJ (SR)   Coulomb (SR)   Coul. recip.      Potential    Kinetic En.
    1.70846e+04   -1.78587e+05    5.83675e+02   -1.60919e+05    2.90796e+04
   Total Energy  Conserved En.    Temperature Pressure (bar)
   -1.31839e+05   -1.55458e+05    2.99813e+02   -1.05108e+03


DD  step 67999  vol min/aver 0.819  load imb.: force  3.1%  pme mesh/force 0.668
           Step           Time
          68000       68.00000

   Energies (kJ/mol)
        LJ (SR)   Coulomb (SR)   Coul. recip.      Potential    Kinetic En.
    1.68793e+04   -1.79079e+05    5.47649e+02   -1.61652e+05    2.93222e+04
   Total Energy  Conserved En.    Temperature Pressure (bar)
   -1.32330e+05   -1.55446e+05    3.02315e+02   -1.22146e+03


DD  step 68999  vol min/aver 0.803  load imb.: force  4.7%  pme mesh/force 0.679
           Step           Time
          69000       69.00000

   Energies (kJ/mol)
        LJ (SR)   Coulomb (SR)   Coul. recip.      Potential    Kinetic En.
    1.68939e+04   -1.77899e+05    5.38549e+02   -1.60467e+05    2.90001e+04
   Total Energy  Conserved En.    Temperature Pressure (bar)
   -1.31467e+05   -1.55429e+05    2.98993e+02   -1.05096e+03


DD  step 69999  vol min/aver 0.775  load imb.: force  2.6%  pme mesh/force 0.678
           Step           Time
          70000       70.00000

   Energies (kJ/mol)
        LJ (SR)   Coulomb (SR)   Coul. recip.      Potential    Kinetic En.
    1.68593e+04   -1.78836e+05    5.68978e+02   -1.61408e+05    2.93242e+04
   Total Energy  Conserved En.    Temperature Pressure (bar)
   -1.32083e+05   -1.55409e+05    3.02336e+02   -1.23822e+03


DD  step 70999  vol min/aver 0.827  load imb.: force  2.9%  pme mesh/force 0.684
           Step           Time
          71000       71.00000

   Energies (kJ/mol)
        LJ (SR)   Coulomb (SR)   Coul. recip.      Potential    Kinetic En.
    1.74882e+04   -1.79099e+05    5.31508e+02   -1.61079e+05    2.91533e+04
   Total Energy  Conserved En.    Temperature Pressure (bar)
   -1.31926e+05   -1.55452e+05    3.00573e+02   -8.06528e+02


DD  step 71999  vol min/aver 0.835  load imb.: force  2.8%  pme mesh/force 0.671
           Step           Time
          72000       72.00000

   Energies (kJ/mol)
        LJ (SR)   Coulomb (SR)   Coul. recip.      Potential    Kinetic En.
    1.69335e+04   -1.78649e+05    5.65982e+02   -1.61150e+05    2.92412e+04
   Total Energy  Conserved En.    Temperature Pressure (bar)
   -1.31908e+05   -1.55390e+05    3.01480e+02   -1.13695e+03


DD  step 72999  vol min/aver 0.838  load imb.: force  3.2%  pme mesh/force 0.677
           Step           Time
          73000       73.00000

   Energies (kJ/mol)
        LJ (SR)   Coulomb (SR)   Coul. recip.      Potential    Kinetic En.
    1.68987e+04   -1.79022e+05    5.77369e+02   -1.61546e+05    2.92468e+04
   Total Energy  Conserved En.    Temperature Pressure (bar)
   -1.32299e+05   -1.55368e+05    3.01537e+02   -1.21554e+03


DD  step 73999  vol min/aver 0.857  load imb.: force  2.5%  pme mesh/force 0.677
           Step           Time
          74000       74.00000

   Energies (kJ/mol)
        LJ (SR)   Coulomb (SR)   Coul. recip.      Potential    Kinetic En.
    1.74354e+04   -1.80424e+05    5.40110e+02   -1.62449e+05    2.91956e+04
   Total Energy  Conserved En.    Temperature Pressure (bar)
   -1.33253e+05   -1.55382e+05    3.01009e+02   -1.10777e+03


DD  step 74999  vol min/aver 0.849  load imb.: force  3.2%  pme mesh/force 0.670
           Step           Time
          75000       75.00000

   Energies (kJ/mol)
        LJ (SR)   Coulomb (SR)   Coul. recip.      Potential    Kinetic En.
    1.71777e+04   -1.79308e+05    5.49897e+02   -1.61580e+05    2.91632e+04
   Total Energy  Conserved En.    Temperature Pressure (bar)
   -1.32417e+05   -1.55416e+05    3.00675e+02   -1.05588e+03


DD  step 75999  vol min/aver 0.868  load imb.: force  3.3%  pme mesh/force 0.689
           Step           Time
          76000       76.00000

   Energies (kJ/mol)
        LJ (SR)   Coulomb (SR)   Coul. recip.      Potential    Kinetic En.
    1.72911e+04   -1.79049e+05    5.68327e+02   -1.61190e+05    2.86347e+04
   Total Energy  Conserved En.    Temperature Pressure (bar)
   -1.32555e+05   -1.55436e+05    2.95227e+02   -9.73978e+02


DD  step 76999  vol min/aver 0.810  load imb.: force  2.9%  pme mesh/force 0.673
           Step           Time
          77000       77.00000

   Energies (kJ/mol)
        LJ (SR)   Coulomb (SR)   Coul. recip.      Potential    Kinetic En.
    1.71371e+04   -1.79283e+05    5.56754e+02   -1.61589e+05    2.90084e+04
   Total Energy  Conserved En.    Temperature Pressure (bar)
   -1.32581e+05   -1.55414e+05    2.99079e+02   -1.12581e+03


DD  step 77999  vol min/aver 0.785  load imb.: force  4.0%  pme mesh/force 0.660
           Step           Time
          78000       78.00000

   Energies (kJ/mol)
        LJ (SR)   Coulomb (SR)   Coul. recip.      Potential    Kinetic En.
    1.70734e+04   -1.78925e+05    5.90902e+02   -1.61260e+05    2.88760e+04
   Total Energy  Conserved En.    Temperature Pressure (bar)
   -1.32384e+05   -1.55376e+05    2.97714e+02   -1.11154e+03


DD  step 78999  vol min/aver 0.807  load imb.: force  3.4%  pme mesh/force 0.672
           Step           Time
          79000       79.00000

   Energies (kJ/mol)
        LJ (SR)   Coulomb (SR)   Coul. recip.      Potential    Kinetic En.
    1.64202e+04   -1.78314e+05    5.47053e+02   -1.61347e+05    2.86349e+04
   Total Energy  Conserved En.    Temperature Pressure (bar)
   -1.32712e+05   -1.55383e+05    2.95228e+02   -1.42374e+03


DD  step 79999  vol min/aver 0.805  load imb.: force  3.2%  pme mesh/force 0.676
           Step           Time
          80000       80.00000

   Energies (kJ/mol)
        LJ (SR)   Coulomb (SR)   Coul. recip.      Potential    Kinetic En.
    1.66805e+04   -1.79084e+05    5.59677e+02   -1.61843e+05    2.92129e+04
   Total Energy  Conserved En.    Temperature Pressure (bar)
   -1.32631e+05   -1.55361e+05    3.01187e+02   -1.34442e+03


DD  step 80999  vol min/aver 0.808  load imb.: force  2.8%  pme mesh/force 0.675
           Step           Time
          81000       81.00000

   Energies (kJ/mol)
        LJ (SR)   Coulomb (SR)   Coul. recip.      Potential    Kinetic En.
    1.66181e+04   -1.78457e+05    5.76463e+02   -1.61262e+05    2.88069e+04
   Total Energy  Conserved En.    Temperature Pressure (bar)
   -1.32456e+05   -1.55353e+05    2.97002e+02   -1.32871e+03


DD  step 81999  vol min/aver 0.819  load imb.: force  2.0%  pme mesh/force 0.679
           Step           Time
          82000       82.00000

   Energies (kJ/mol)
        LJ (SR)   Coulomb (SR)   Coul. recip.      Potential    Kinetic En.
    1.66036e+04   -1.78370e+05    6.01729e+02   -1.61165e+05    2.92339e+04
   Total Energy  Conserved En.    Temperature Pressure (bar)
   -1.31931e+05   -1.55371e+05    3.01405e+02   -1.27038e+03


DD  step 82999  vol min/aver 0.794  load imb.: force  2.2%  pme mesh/force 0.683
           Step           Time
          83000       83.00000

   Energies (kJ/mol)
        LJ (SR)   Coulomb (SR)   Coul. recip.      Potential    Kinetic En.
    1.75078e+04   -1.80425e+05    5.44224e+02   -1.62373e+05    2.91938e+04
   Total Energy  Conserved En.    Temperature Pressure (bar)
   -1.33179e+05   -1.55432e+05    3.00991e+02   -1.04132e+03


DD  step 83999  vol min/aver 0.824  load imb.: force  3.4%  pme mesh/force 0.670
           Step           Time
          84000       84.00000

   Energies (kJ/mol)
        LJ (SR)   Coulomb (SR)   Coul. recip.      Potential    Kinetic En.
    1.69345e+04   -1.78767e+05    5.89337e+02   -1.61243e+05    2.93974e+04
   Total Energy  Conserved En.    Temperature Pressure (bar)
   -1.31845e+05   -1.55421e+05    3.03090e+02   -1.10136e+03


DD  step 84999  vol min/aver 0.813  load imb.: force  2.8%  pme mesh/force 0.673
           Step           Time
          85000       85.00000

   Energies (kJ/mol)
        LJ (SR)   Coulomb (SR)   Coul. recip.      Potential    Kinetic En.
    1.62401e+04   -1.76767e+05    5.42617e+02   -1.59984e+05    2.93372e+04
   Total Energy  Conserved En.    Temperature Pressure (bar)
   -1.30647e+05   -1.55383e+05    3.02470e+02   -1.27746e+03


DD  step 85999  vol min/aver 0.820  load imb.: force  3.0%  pme mesh/force 0.672
           Step           Time
          86000       86.00000

   Energies (kJ/mol)
        LJ (SR)   Coulomb (SR)   Coul. recip.      Potential    Kinetic En.
    1.69789e+04   -1.78912e+05    5.84798e+02   -1.61349e+05    2.94561e+04
   Total Energy  Conserved En.    Temperature Pressure (bar)
   -1.31893e+05   -1.55383e+05    3.03695e+02   -1.10641e+03


DD  step 86999  vol min/aver 0.811  load imb.: force  3.2%  pme mesh/force 0.663
           Step           Time
          87000       87.00000

   Energies (kJ/mol)
        LJ (SR)   Coulomb (SR)   Coul. recip.      Potential    Kinetic En.
    1.72243e+04   -1.80004e+05    5.80477e+02   -1.62199e+05    2.90733e+04
   Total Energy  Conserved En.    Temperature Pressure (bar)
   -1.33126e+05   -1.55368e+05    2.99748e+02   -1.10346e+03


DD  step 87999  vol min/aver 0.863  load imb.: force  3.4%  pme mesh/force 0.689
           Step           Time
          88000       88.00000

   Energies (kJ/mol)
        LJ (SR)   Coulomb (SR)   Coul. recip.      Potential    Kinetic En.
    1.67852e+04   -1.79271e+05    5.56189e+02   -1.61930e+05    2.91813e+04
   Total Energy  Conserved En.    Temperature Pressure (bar)
   -1.32749e+05   -1.55403e+05    3.00861e+02   -1.30560e+03


DD  step 88999  vol min/aver 0.860  load imb.: force  4.1%  pme mesh/force 0.678
           Step           Time
          89000       89.00000

   Energies (kJ/mol)
        LJ (SR)   Coulomb (SR)   Coul. recip.      Potential    Kinetic En.
    1.72368e+04   -1.79536e+05    5.92508e+02   -1.61707e+05    2.93297e+04
   Total Energy  Conserved En.    Temperature Pressure (bar)
   -1.32377e+05   -1.55420e+05    3.02392e+02   -1.05922e+03


DD  step 89999  vol min/aver 0.781  load imb.: force  3.6%  pme mesh/force 0.679
           Step           Time
          90000       90.00000

   Energies (kJ/mol)
        LJ (SR)   Coulomb (SR)   Coul. recip.      Potential    Kinetic En.
    1.73642e+04   -1.79890e+05    6.30036e+02   -1.61896e+05    2.90687e+04
   Total Energy  Conserved En.    Temperature Pressure (bar)
   -1.32827e+05   -1.55368e+05    2.99701e+02   -1.02078e+03


DD  step 90999  vol min/aver 0.807  load imb.: force  2.2%  pme mesh/force 0.679
           Step           Time
          91000       91.00000

   Energies (kJ/mol)
        LJ (SR)   Coulomb (SR)   Coul. recip.      Potential    Kinetic En.
    1.74385e+04   -1.79641e+05    5.71518e+02   -1.61631e+05    2.91661e+04
   Total Energy  Conserved En.    Temperature Pressure (bar)
   -1.32465e+05   -1.55350e+05    3.00705e+02   -1.00423e+03


DD  step 91999  vol min/aver 0.849  load imb.: force  3.3%  pme mesh/force 0.674
           Step           Time
          92000       92.00000

   Energies (kJ/mol)
        LJ (SR)   Coulomb (SR)   Coul. recip.      Potential    Kinetic En.
    1.68598e+04   -1.78982e+05    5.88403e+02   -1.61533e+05    2.89424e+04
   Total Energy  Conserved En.    Temperature Pressure (bar)
   -1.32591e+05   -1.55363e+05    2.98398e+02   -1.24864e+03


DD  step 92999  vol min/aver 0.843  load imb.: force  2.9%  pme mesh/force 0.672
           Step           Time
          93000       93.00000

   Energies (kJ/mol)
        LJ (SR)   Coulomb (SR)   Coul. recip.      Potential    Kinetic En.
    1.75376e+04   -1.79964e+05    5.91598e+02   -1.61835e+05    2.91106e+04
   Total Energy  Conserved En.    Temperature Pressure (bar)
   -1.32724e+05   -1.55368e+05    3.00133e+02   -9.20604e+02


DD  step 93999  vol min/aver 0.870  load imb.: force  3.8%  pme mesh/force 0.674
           Step           Time
          94000       94.00000

   Energies (kJ/mol)
        LJ (SR)   Coulomb (SR)   Coul. recip.      Potential    Kinetic En.
    1.71572e+04   -1.79841e+05    5.34104e+02   -1.62150e+05    2.98065e+04
   Total Energy  Conserved En.    Temperature Pressure (bar)
   -1.32343e+05   -1.55364e+05    3.07308e+02   -1.08906e+03


DD  step 94999  vol min/aver 0.865  load imb.: force  1.7%  pme mesh/force 0.683
           Step           Time
          95000       95.00000

   Energies (kJ/mol)
        LJ (SR)   Coulomb (SR)   Coul. recip.      Potential    Kinetic En.
    1.74597e+04   -1.79428e+05    5.91350e+02   -1.61377e+05    2.93677e+04
   Total Energy  Conserved En.    Temperature Pressure (bar)
   -1.32009e+05   -1.55351e+05    3.02784e+02   -9.36569e+02


DD  step 95999  vol min/aver 0.862  load imb.: force  3.8%  pme mesh/force 0.668
           Step           Time
          96000       96.00000

   Energies (kJ/mol)
        LJ (SR)   Coulomb (SR)   Coul. recip.      Potential    Kinetic En.
    1.72833e+04   -1.79645e+05    5.70564e+02   -1.61791e+05    2.93564e+04
   Total Energy  Conserved En.    Temperature Pressure (bar)
   -1.32435e+05   -1.55348e+05    3.02668e+02   -1.10328e+03


DD  step 96999  vol min/aver 0.807  load imb.: force  4.3%  pme mesh/force 0.671
           Step           Time
          97000       97.00000

   Energies (kJ/mol)
        LJ (SR)   Coulomb (SR)   Coul. recip.      Potential    Kinetic En.
    1.69541e+04   -1.79083e+05    6.03661e+02   -1.61525e+05    2.91470e+04
   Total Energy  Conserved En.    Temperature Pressure (bar)
   -1.32378e+05   -1.55360e+05    3.00509e+02   -1.17598e+03


DD  step 97999  vol min/aver 0.835  load imb.: force  3.3%  pme mesh/force 0.675
           Step           Time
          98000       98.00000

   Energies (kJ/mol)
        LJ (SR)   Coulomb (SR)   Coul. recip.      Potential    Kinetic En.
    1.65219e+04   -1.77949e+05    5.85787e+02   -1.60841e+05    2.91155e+04
   Total Energy  Conserved En.    Temperature Pressure (bar)
   -1.31726e+05   -1.55357e+05    3.00184e+02   -1.28256e+03


DD  step 98999  vol min/aver 0.852  load imb.: force  3.7%  pme mesh/force 0.677
           Step           Time
          99000       99.00000

   Energies (kJ/mol)
        LJ (SR)   Coulomb (SR)   Coul. recip.      Potential    Kinetic En.
    1.73798e+04   -1.79362e+05    5.09541e+02   -1.61473e+05    2.94849e+04
   Total Energy  Conserved En.    Temperature Pressure (bar)
   -1.31988e+05   -1.55360e+05    3.03992e+02   -9.04780e+02


DD  step 99999  vol min/aver 0.838  load imb.: force  2.6%  pme mesh/force 0.676
           Step           Time
         100000      100.00000

   Energies (kJ/mol)
        LJ (SR)   Coulomb (SR)   Coul. recip.      Potential    Kinetic En.
    1.74522e+04   -1.80430e+05    6.18057e+02   -1.62360e+05    2.94233e+04
   Total Energy  Conserved En.    Temperature Pressure (bar)
   -1.32936e+05   -1.55357e+05    3.03357e+02   -1.01454e+03


DD  step 100999  vol min/aver 0.838  load imb.: force  3.6%  pme mesh/force 0.680
           Step           Time
         101000      101.00000

   Energies (kJ/mol)
        LJ (SR)   Coulomb (SR)   Coul. recip.      Potential    Kinetic En.
    1.67342e+04   -1.78608e+05    5.93857e+02   -1.61280e+05    2.96487e+04
   Total Energy  Conserved En.    Temperature Pressure (bar)
   -1.31631e+05   -1.55329e+05    3.05681e+02   -1.22820e+03


DD  step 101999  vol min/aver 0.889  load imb.: force  2.3%  pme mesh/force 0.675
           Step           Time
         102000      102.00000

   Energies (kJ/mol)
        LJ (SR)   Coulomb (SR)   Coul. recip.      Potential    Kinetic En.
    1.66366e+04   -1.79190e+05    5.92752e+02   -1.61961e+05    2.89730e+04
   Total Energy  Conserved En.    Temperature Pressure (bar)
   -1.32988e+05   -1.55339e+05    2.98714e+02   -1.42149e+03


DD  step 102999  vol min/aver 0.886  load imb.: force  3.9%  pme mesh/force 0.674
           Step           Time
         103000      103.00000

   Energies (kJ/mol)
        LJ (SR)   Coulomb (SR)   Coul. recip.      Potential    Kinetic En.
    1.69353e+04   -1.79864e+05    5.34145e+02   -1.62395e+05    2.86175e+04
   Total Energy  Conserved En.    Temperature Pressure (bar)
   -1.33777e+05   -1.55356e+05    2.95049e+02   -1.39497e+03


DD  step 103999  vol min/aver 0.852  load imb.: force  2.4%  pme mesh/force 0.684
           Step           Time
         104000      104.00000

   Energies (kJ/mol)
        LJ (SR)   Coulomb (SR)   Coul. recip.      Potential    Kinetic En.
    1.69387e+04   -1.78796e+05    5.23587e+02   -1.61334e+05    2.86394e+04
   Total Energy  Conserved En.    Temperature Pressure (bar)
   -1.32694e+05   -1.55345e+05    2.95275e+02   -1.23082e+03


DD  step 104999  vol min/aver 0.868  load imb.: force  2.7%  pme mesh/force 0.677
           Step           Time
         105000      105.00000

   Energies (kJ/mol)
        LJ (SR)   Coulomb (SR)   Coul. recip.      Potential    Kinetic En.
    1.71185e+04   -1.79199e+05    5.37886e+02   -1.61542e+05    2.88132e+04
   Total Energy  Conserved En.    Temperature Pressure (bar)
   -1.32729e+05   -1.55341e+05    2.97066e+02   -1.12132e+03


DD  step 105999  vol min/aver 0.847  load imb.: force  2.2%  pme mesh/force 0.679
           Step           Time
         106000      106.00000

   Energies (kJ/mol)
        LJ (SR)   Coulomb (SR)   Coul. recip.      Potential    Kinetic En.
    1.70566e+04   -1.79571e+05    5.89290e+02   -1.61925e+05    2.89804e+04
   Total Energy  Conserved En.    Temperature Pressure (bar)
   -1.32944e+05   -1.55346e+05    2.98791e+02   -1.18035e+03


DD  step 106999  vol min/aver 0.860  load imb.: force  2.0%  pme mesh/force 0.676
           Step           Time
         107000      107.00000

   Energies (kJ/mol)
        LJ (SR)   Coulomb (SR)   Coul. recip.      Potential    Kinetic En.
    1.73104e+04   -1.79889e+05    5.91126e+02   -1.61987e+05    2.88833e+04
   Total Energy  Conserved En.    Temperature Pressure (bar)
   -1.33104e+05   -1.55362e+05    2.97790e+02   -1.09280e+03


DD  step 107999  vol min/aver 0.840  load imb.: force  2.4%  pme mesh/force 0.675
           Step           Time
         108000      108.00000

   Energies (kJ/mol)
        LJ (SR)   Coulomb (SR)   Coul. recip.      Potential    Kinetic En.
    1.66948e+04   -1.78246e+05    6.08290e+02   -1.60943e+05    2.85435e+04
   Total Energy  Conserved En.    Temperature Pressure (bar)
   -1.32399e+05   -1.55356e+05    2.94286e+02   -1.20026e+03


DD  step 108999  vol min/aver 0.830  load imb.: force  2.2%  pme mesh/force 0.675
           Step           Time
         109000      109.00000

   Energies (kJ/mol)
        LJ (SR)   Coulomb (SR)   Coul. recip.      Potential    Kinetic En.
    1.76887e+04   -1.80604e+05    5.36394e+02   -1.62379e+05    2.91453e+04
   Total Energy  Conserved En.    Temperature Pressure (bar)
   -1.33233e+05   -1.55354e+05    3.00491e+02   -9.01687e+02


DD  step 109999  vol min/aver 0.794  load imb.: force  3.4%  pme mesh/force 0.682
           Step           Time
         110000      110.00000

   Energies (kJ/mol)
        LJ (SR)   Coulomb (SR)   Coul. recip.      Potential    Kinetic En.
    1.68921e+04   -1.78997e+05    5.73396e+02   -1.61532e+05    2.91626e+04
   Total Energy  Conserved En.    Temperature Pressure (bar)
   -1.32369e+05   -1.55357e+05    3.00669e+02   -1.23260e+03


DD  step 110999  vol min/aver 0.836  load imb.: force  1.5%  pme mesh/force 0.691
           Step           Time
         111000      111.00000

   Energies (kJ/mol)
        LJ (SR)   Coulomb (SR)   Coul. recip.      Potential    Kinetic En.
    1.70134e+04   -1.78936e+05    5.83688e+02   -1.61339e+05    2.90530e+04
   Total Energy  Conserved En.    Temperature Pressure (bar)
   -1.32286e+05   -1.55294e+05    2.99539e+02   -1.15916e+03


DD  step 111999  vol min/aver 0.827  load imb.: force  2.9%  pme mesh/force 0.678
           Step           Time
         112000      112.00000

   Energies (kJ/mol)
        LJ (SR)   Coulomb (SR)   Coul. recip.      Potential    Kinetic En.
    1.72741e+04   -1.79525e+05    5.38120e+02   -1.61712e+05    2.87754e+04
   Total Energy  Conserved En.    Temperature Pressure (bar)
   -1.32937e+05   -1.55290e+05    2.96677e+02   -1.07063e+03


DD  step 112999  vol min/aver 0.831  load imb.: force  4.4%  pme mesh/force 0.666
           Step           Time
         113000      113.00000

   Energies (kJ/mol)
        LJ (SR)   Coulomb (SR)   Coul. recip.      Potential    Kinetic En.
    1.71528e+04   -1.79850e+05    5.51395e+02   -1.62146e+05    2.93650e+04
   Total Energy  Conserved En.    Temperature Pressure (bar)
   -1.32781e+05   -1.55281e+05    3.02756e+02   -1.13018e+03


DD  step 113999  vol min/aver 0.876  load imb.: force  2.5%  pme mesh/force 0.674
           Step           Time
         114000      114.00000

   Energies (kJ/mol)
        LJ (SR)   Coulomb (SR)   Coul. recip.      Potential    Kinetic En.
    1.70084e+04   -1.79191e+05    5.55934e+02   -1.61627e+05    2.90004e+04
   Total Energy  Conserved En.    Temperature Pressure (bar)
   -1.32626e+05   -1.55336e+05    2.98997e+02   -1.23562e+03


DD  step 114999  vol min/aver 0.839  load imb.: force  2.9%  pme mesh/force 0.671
           Step           Time
         115000      115.00000

   Energies (kJ/mol)
        LJ (SR)   Coulomb (SR)   Coul. recip.      Potential    Kinetic En.
    1.67674e+04   -1.78386e+05    5.61313e+02   -1.61057e+05    2.90478e+04
   Total Energy  Conserved En.    Temperature Pressure (bar)
   -1.32010e+05   -1.55335e+05    2.99485e+02   -1.18991e+03


DD  step 115999  vol min/aver 0.853  load imb.: force  2.9%  pme mesh/force 0.670
           Step           Time
         116000      116.00000

   Energies (kJ/mol)
        LJ (SR)   Coulomb (SR)   Coul. recip.      Potential    Kinetic En.
    1.70409e+04   -1.79292e+05    5.58358e+02   -1.61693e+05    2.92187e+04
   Total Energy  Conserved En.    Temperature Pressure (bar)
   -1.32474e+05   -1.55310e+05    3.01248e+02   -1.13967e+03


DD  step 116999  vol min/aver 0.820  load imb.: force  4.3%  pme mesh/force 0.681
           Step           Time
         117000      117.00000

   Energies (kJ/mol)
        LJ (SR)   Coulomb (SR)   Coul. recip.      Potential    Kinetic En.
    1.71469e+04   -1.79782e+05    5.38785e+02   -1.62096e+05    2.92014e+04
   Total Energy  Conserved En.    Temperature Pressure (bar)
   -1.32895e+05   -1.55340e+05    3.01069e+02   -1.16898e+03


DD  step 117999  vol min/aver 0.859  load imb.: force  3.7%  pme mesh/force 0.674
           Step           Time
         118000      118.00000

   Energies (kJ/mol)
        LJ (SR)   Coulomb (SR)   Coul. recip.      Potential    Kinetic En.
    1.69451e+04   -1.78691e+05    5.78056e+02   -1.61168e+05    2.96344e+04
   Total Energy  Conserved En.    Temperature Pressure (bar)
   -1.31533e+05   -1.55326e+05    3.05533e+02   -1.13810e+03


DD  step 118999  vol min/aver 0.825  load imb.: force  5.4%  pme mesh/force 0.680
           Step           Time
         119000      119.00000

   Energies (kJ/mol)
        LJ (SR)   Coulomb (SR)   Coul. recip.      Potential    Kinetic En.
    1.67547e+04   -1.78320e+05    5.44906e+02   -1.61020e+05    2.97214e+04
   Total Energy  Conserved En.    Temperature Pressure (bar)
   -1.31298e+05   -1.55325e+05    3.06431e+02   -1.17645e+03


DD  step 119999  vol min/aver 0.790  load imb.: force  2.6%  pme mesh/force 0.682
           Step           Time
         120000      120.00000

   Energies (kJ/mol)
        LJ (SR)   Coulomb (SR)   Coul. recip.      Potential    Kinetic En.
    1.71788e+04   -1.78623e+05    5.34498e+02   -1.60910e+05    2.93373e+04
   Total Energy  Conserved En.    Temperature Pressure (bar)
   -1.31573e+05   -1.55304e+05    3.02470e+02   -9.89256e+02


DD  step 120999  vol min/aver 0.827  load imb.: force  1.5%  pme mesh/force 0.683
           Step           Time
         121000      121.00000

   Energies (kJ/mol)
        LJ (SR)   Coulomb (SR)   Coul. recip.      Potential    Kinetic En.
    1.67435e+04   -1.78735e+05    5.74518e+02   -1.61417e+05    2.91079e+04
   Total Energy  Conserved En.    Temperature Pressure (bar)
   -1.32309e+05   -1.55326e+05    3.00105e+02   -1.29252e+03


DD  step 121999  vol min/aver 0.816  load imb.: force  3.5%  pme mesh/force 0.674
           Step           Time
         122000      122.00000

   Energies (kJ/mol)
        LJ (SR)   Coulomb (SR)   Coul. recip.      Potential    Kinetic En.
    1.67611e+04   -1.78445e+05    5.88129e+02   -1.61096e+05    2.89720e+04
   Total Energy  Conserved En.    Temperature Pressure (bar)
   -1.32124e+05   -1.55288e+05    2.98704e+02   -1.24808e+03


DD  step 122999  vol min/aver 0.855  load imb.: force  2.5%  pme mesh/force 0.673
           Step           Time
         123000      123.00000

   Energies (kJ/mol)
        LJ (SR)   Coulomb (SR)   Coul. recip.      Potential    Kinetic En.
    1.73032e+04   -1.79388e+05    5.43855e+02   -1.61541e+05    2.92137e+04
   Total Energy  Conserved En.    Temperature Pressure (bar)
   -1.32327e+05   -1.55326e+05    3.01196e+02   -9.90838e+02


DD  step 123999  vol min/aver 0.832  load imb.: force  3.8%  pme mesh/force 0.668
           Step           Time
         124000      124.00000

   Energies (kJ/mol)
        LJ (SR)   Coulomb (SR)   Coul. recip.      Potential    Kinetic En.
    1.72741e+04   -1.79593e+05    5.70126e+02   -1.61748e+05    2.93052e+04
   Total Energy  Conserved En.    Temperature Pressure (bar)
   -1.32443e+05   -1.55301e+05    3.02139e+02   -1.09991e+03


DD  step 124999  vol min/aver 0.892  load imb.: force  2.5%  pme mesh/force 0.679
           Step           Time
         125000      125.00000

Writing checkpoint, step 125000 at Thu Oct 12 11:53:35 2023


   Energies (kJ/mol)
        LJ (SR)   Coulomb (SR)   Coul. recip.      Potential    Kinetic En.
    1.67817e+04   -1.78366e+05    5.79664e+02   -1.61005e+05    2.92297e+04
   Total Energy  Conserved En.    Temperature Pressure (bar)
   -1.31775e+05   -1.55296e+05    3.01361e+02   -1.17443e+03


	<======  ###############  ==>
	<====  A V E R A G E S  ====>
	<==  ###############  ======>

	Statistics over 125001 steps using 1251 frames

   Energies (kJ/mol)
        LJ (SR)   Coulomb (SR)   Coul. recip.      Potential    Kinetic En.
    1.71314e+04   -1.79206e+05    5.70224e+02   -1.61505e+05    2.90998e+04
   Total Energy  Conserved En.    Temperature Pressure (bar)
   -1.32405e+05   -1.55461e+05    3.00022e+02   -1.09704e+03

   Total Virial (kJ/mol)
    1.38594e+04   -6.73711e+00    7.12485e+00
   -5.68000e+00    1.37991e+04    7.18322e+00
    7.40164e+00    6.47149e+00    1.38285e+04

   Pressure (bar)
   -1.10407e+03    3.70696e-01   -3.76610e+00
    8.98365e-02   -1.08935e+03   -1.66897e+00
   -3.83964e+00   -1.47987e+00   -1.09770e+03


	M E G A - F L O P S   A C C O U N T I N G

 NB=Group-cutoff nonbonded kernels    NxN=N-by-N cluster Verlet kernels
 RF=Reaction-Field  VdW=Van der Waals  QSTab=quadratic-spline table
 W3=SPC/TIP3p  W4=TIP4p (single or pairs)
 V&F=Potential and force  V=Potential only  F=Force only

 Computing:                               M-Number         M-Flops  % Flops
-----------------------------------------------------------------------------
 Pair Search distance check            8284.152352       74557.371     0.1
 NxN Ewald Elec. + LJ [F]           1208027.167776    94226119.087    94.3
 NxN Ewald Elec. + LJ [V&F]           12212.065072     1575356.394     1.6
 NxN Ewald Elec. [F]                   8212.571136      500966.839     0.5
 NxN Ewald Elec. [V&F]                   83.022480        6973.888     0.0
 Calc Weights                          4372.534980      157411.259     0.2
 Spread Q Bspline                     93280.746240      186561.492     0.2
 Gather F Bspline                     93280.746240      559684.477     0.6
 3D-FFT                              299631.897036     2397055.176     2.4
 Solve PME                              220.501764       14112.113     0.0
 Reset In Box                            14.586660          43.760     0.0
 CG-CoM                                  14.598320          43.795     0.0
 Virial                                  15.487380         278.773     0.0
 Stop-CM                                 14.598320         145.983     0.0
 Calc-Ekin                              145.773320        3935.880     0.0
 Constraint-V                          1455.773292       11646.186     0.0
 Constraint-Vir                          14.569146         349.660     0.0
 Settle                                 485.261646      156739.512     0.2
-----------------------------------------------------------------------------
 Total                                                99871981.646   100.0
-----------------------------------------------------------------------------


    D O M A I N   D E C O M P O S I T I O N   S T A T I S T I C S

 av. #atoms communicated per step for force:  2 x 37338.1


Dynamic load balancing report:
 DLB was turned on during the run due to measured imbalance.
 Average load imbalance: 3.2%.
 The balanceable part of the MD step is 92%, load imbalance is computed from this.
 Part of the total run time spent waiting due to load imbalance: 3.0%.
 Steps where the load balancing was limited by -rdd, -rcon and/or -dds: X 0 % Y 0 %
 Average PME mesh/force load: 0.677
 Part of the total run time spent waiting due to PP/PME imbalance: 6.1 %

NOTE: 6.1 % performance was lost because the PME ranks
      had less work to do than the PP ranks.
      You might want to decrease the number of PME ranks
      or decrease the cut-off and the grid spacing.


     R E A L   C Y C L E   A N D   T I M E   A C C O U N T I N G

On 16 MPI ranks doing PP, and
on 4 MPI ranks doing PME

 Computing:          Num   Num      Call    Wall time         Giga-Cycles
                     Ranks Threads  Count      (s)         total sum    %
-----------------------------------------------------------------------------
 Domain decomp.        16    1       1251       0.616         28.537   0.3
 DD comm. load         16    1       1250       0.004          0.205   0.0
 DD comm. bounds       16    1       1249       0.052          2.393   0.0
 Send X to PME         16    1     125001       1.508         69.798   0.7
 Neighbor search       16    1       1251       1.889         87.421   0.9
 Comm. coord.          16    1     123750       4.057        187.779   2.0
 Force                 16    1     125001     145.587       6739.312  70.1
 Wait + Comm. F        16    1     125001       7.539        349.005   3.6
 PME mesh *             4    1     125001     104.091       1204.606  12.5
 PME wait for PP *                             61.819        715.411   7.4
 Wait + Recv. PME F    16    1     125001       0.634         29.334   0.3
 NB X/F buffer ops.    16    1     372501       1.816         84.044   0.9
 Write traj.           16    1         26       0.020          0.937   0.0
 Update                16    1     125001       0.355         16.442   0.2
 Constraints           16    1     125003       1.269         58.758   0.6
 Comm. energies        16    1       6251       0.475         21.986   0.2
 Rest                                           0.251         11.617   0.1
-----------------------------------------------------------------------------
 Total                                        166.072       9609.456 100.0
-----------------------------------------------------------------------------
(*) Note that with separate PME ranks, the walltime column actually sums to
    twice the total reported, but the cycle count total and % are correct.
-----------------------------------------------------------------------------
 Breakdown of PME mesh computation
-----------------------------------------------------------------------------
 PME redist. X/F        4    1     250002       9.308        107.715   1.1
 PME spread             4    1     125001      20.320        235.157   2.4
 PME gather             4    1     125001      33.307        385.447   4.0
 PME 3D-FFT             4    1     250002      29.901        346.035   3.6
 PME 3D-FFT Comm.       4    1     250002       8.920        103.230   1.1
 PME solve Elec         4    1     125001       2.211         25.588   0.3
-----------------------------------------------------------------------------

               Core t (s)   Wall t (s)        (%)
       Time:     3321.427      166.072     2000.0
                 (ns/day)    (hour/ns)
Performance:       65.033        0.369
Finished mdrun on rank 0 Thu Oct 12 11:53:35 2023

